
> backend@0.0.1 start:dev
> nest start --watch

[2J[3J[H[[90m3:16:52 AM[0m] Starting compilation in watch mode...

[[90m3:17:05 AM[0m] Found 0 errors. Watching for file changes.

[32m[Nest] 22060  - [39m05/02/2026, 3:17:09 AM [32m    LOG[39m [38;5;3m[NestFactory] [39m[32mStarting Nest application...[39m
[32m[Nest] 22060  - [39m05/02/2026, 3:17:09 AM [32m    LOG[39m [38;5;3m[InstanceLoader] [39m[32mAppModule dependencies initialized[39m[38;5;3m +91ms[39m
[32m[Nest] 22060  - [39m05/02/2026, 3:17:09 AM [32m    LOG[39m [38;5;3m[InstanceLoader] [39m[32mTypeOrmModule dependencies initialized[39m[38;5;3m +0ms[39m
[32m[Nest] 22060  - [39m05/02/2026, 3:17:09 AM [32m    LOG[39m [38;5;3m[InstanceLoader] [39m[32mPassportModule dependencies initialized[39m[38;5;3m +1ms[39m
[32m[Nest] 22060  - [39m05/02/2026, 3:17:09 AM [32m    LOG[39m [38;5;3m[InstanceLoader] [39m[32mConfigHostModule dependencies initialized[39m[38;5;3m +0ms[39m
[32m[Nest] 22060  - [39m05/02/2026, 3:17:09 AM [32m    LOG[39m [38;5;3m[InstanceLoader] [39m[32mJwtModule dependencies initialized[39m[38;5;3m +0ms[39m
[32m[Nest] 22060  - [39m05/02/2026, 3:17:09 AM [32m    LOG[39m [38;5;3m[InstanceLoader] [39m[32mConfigModule dependencies initialized[39m[38;5;3m +0ms[39m
[32m[Nest] 22060  - [39m05/02/2026, 3:17:09 AM [32m    LOG[39m [38;5;3m[InstanceLoader] [39m[32mTypeOrmCoreModule dependencies initialized[39m[38;5;3m +69ms[39m
[32m[Nest] 22060  - [39m05/02/2026, 3:17:09 AM [32m    LOG[39m [38;5;3m[InstanceLoader] [39m[32mTypeOrmModule dependencies initialized[39m[38;5;3m +1ms[39m
[32m[Nest] 22060  - [39m05/02/2026, 3:17:09 AM [32m    LOG[39m [38;5;3m[InstanceLoader] [39m[32mTypeOrmModule dependencies initialized[39m[38;5;3m +0ms[39m
[32m[Nest] 22060  - [39m05/02/2026, 3:17:09 AM [32m    LOG[39m [38;5;3m[InstanceLoader] [39m[32mTypeOrmModule dependencies initialized[39m[38;5;3m +0ms[39m
[32m[Nest] 22060  - [39m05/02/2026, 3:17:09 AM [32m    LOG[39m [38;5;3m[InstanceLoader] [39m[32mTypeOrmModule dependencies initialized[39m[38;5;3m +1ms[39m
[32m[Nest] 22060  - [39m05/02/2026, 3:17:09 AM [32m    LOG[39m [38;5;3m[InstanceLoader] [39m[32mAuthModule dependencies initialized[39m[38;5;3m +4ms[39m
[32m[Nest] 22060  - [39m05/02/2026, 3:17:09 AM [32m    LOG[39m [38;5;3m[InstanceLoader] [39m[32mUsersModule dependencies initialized[39m[38;5;3m +1ms[39m
[32m[Nest] 22060  - [39m05/02/2026, 3:17:09 AM [32m    LOG[39m [38;5;3m[InstanceLoader] [39m[32mTripsModule dependencies initialized[39m[38;5;3m +0ms[39m
[32m[Nest] 22060  - [39m05/02/2026, 3:17:09 AM [32m    LOG[39m [38;5;3m[InstanceLoader] [39m[32mBudgetModule dependencies initialized[39m[38;5;3m +0ms[39m
[32m[Nest] 22060  - [39m05/02/2026, 3:17:09 AM [32m    LOG[39m [38;5;3m[InstanceLoader] [39m[32mSosModule dependencies initialized[39m[38;5;3m +0ms[39m
[32m[Nest] 22060  - [39m05/02/2026, 3:17:09 AM [32m    LOG[39m [38;5;3m[RoutesResolver] [39m[32mAuthController {/api/auth}:[39m[38;5;3m +89ms[39m
[32m[Nest] 22060  - [39m05/02/2026, 3:17:09 AM [32m    LOG[39m [38;5;3m[RouterExplorer] [39m[32mMapped {/api/auth/register, POST} route[39m[38;5;3m +8ms[39m
[32m[Nest] 22060  - [39m05/02/2026, 3:17:09 AM [32m    LOG[39m [38;5;3m[RouterExplorer] [39m[32mMapped {/api/auth/login, POST} route[39m[38;5;3m +1ms[39m
[32m[Nest] 22060  - [39m05/02/2026, 3:17:09 AM [32m    LOG[39m [38;5;3m[RoutesResolver] [39m[32mUsersController {/api/users}:[39m[38;5;3m +0ms[39m
[32m[Nest] 22060  - [39m05/02/2026, 3:17:09 AM [32m    LOG[39m [38;5;3m[RouterExplorer] [39m[32mMapped {/api/users/me, GET} route[39m[38;5;3m +2ms[39m
[32m[Nest] 22060  - [39m05/02/2026, 3:17:09 AM [32m    LOG[39m [38;5;3m[RouterExplorer] [39m[32mMapped {/api/users/me, PATCH} route[39m[38;5;3m +1ms[39m
[32m[Nest] 22060  - [39m05/02/2026, 3:17:09 AM [32m    LOG[39m [38;5;3m[RoutesResolver] [39m[32mTripsController {/api/trips}:[39m[38;5;3m +0ms[39m
[32m[Nest] 22060  - [39m05/02/2026, 3:17:09 AM [32m    LOG[39m [38;5;3m[RouterExplorer] [39m[32mMapped {/api/trips, POST} route[39m[38;5;3m +1ms[39m
[32m[Nest] 22060  - [39m05/02/2026, 3:17:09 AM [32m    LOG[39m [38;5;3m[RouterExplorer] [39m[32mMapped {/api/trips, GET} route[39m[38;5;3m +1ms[39m
[32m[Nest] 22060  - [39m05/02/2026, 3:17:09 AM [32m    LOG[39m [38;5;3m[RouterExplorer] [39m[32mMapped {/api/trips/:id, GET} route[39m[38;5;3m +1ms[39m
[32m[Nest] 22060  - [39m05/02/2026, 3:17:09 AM [32m    LOG[39m [38;5;3m[RouterExplorer] [39m[32mMapped {/api/trips/:id, PATCH} route[39m[38;5;3m +0ms[39m
[32m[Nest] 22060  - [39m05/02/2026, 3:17:09 AM [32m    LOG[39m [38;5;3m[RouterExplorer] [39m[32mMapped {/api/trips/:id, DELETE} route[39m[38;5;3m +1ms[39m
[32m[Nest] 22060  - [39m05/02/2026, 3:17:09 AM [32m    LOG[39m [38;5;3m[RoutesResolver] [39m[32mBudgetController {/api/trips/:tripId/expenses}:[39m[38;5;3m +0ms[39m
[32m[Nest] 22060  - [39m05/02/2026, 3:17:09 AM [32m    LOG[39m [38;5;3m[RouterExplorer] [39m[32mMapped {/api/trips/:tripId/expenses, POST} route[39m[38;5;3m +1ms[39m
[32m[Nest] 22060  - [39m05/02/2026, 3:17:09 AM [32m    LOG[39m [38;5;3m[RouterExplorer] [39m[32mMapped {/api/trips/:tripId/expenses, GET} route[39m[38;5;3m +1ms[39m
[32m[Nest] 22060  - [39m05/02/2026, 3:17:09 AM [32m    LOG[39m [38;5;3m[RouterExplorer] [39m[32mMapped {/api/trips/:tripId/expenses/summary, GET} route[39m[38;5;3m +0ms[39m
[32m[Nest] 22060  - [39m05/02/2026, 3:17:09 AM [32m    LOG[39m [38;5;3m[RouterExplorer] [39m[32mMapped {/api/trips/:tripId/expenses/:id, DELETE} route[39m[38;5;3m +1ms[39m
[32m[Nest] 22060  - [39m05/02/2026, 3:17:09 AM [32m    LOG[39m [38;5;3m[RoutesResolver] [39m[32mSosController {/api/sos}:[39m[38;5;3m +0ms[39m
[32m[Nest] 22060  - [39m05/02/2026, 3:17:09 AM [32m    LOG[39m [38;5;3m[RouterExplorer] [39m[32mMapped {/api/sos/contacts, GET} route[39m[38;5;3m +0ms[39m
[32m[Nest] 22060  - [39m05/02/2026, 3:17:09 AM [32m    LOG[39m [38;5;3m[RouterExplorer] [39m[32mMapped {/api/sos/contacts, POST} route[39m[38;5;3m +1ms[39m
[32m[Nest] 22060  - [39m05/02/2026, 3:17:09 AM [32m    LOG[39m [38;5;3m[RouterExplorer] [39m[32mMapped {/api/sos/contacts/:id, DELETE} route[39m[38;5;3m +0ms[39m
[32m[Nest] 22060  - [39m05/02/2026, 3:17:09 AM [32m    LOG[39m [38;5;3m[NestApplication] [39m[32mNest application successfully started[39m[38;5;3m +7ms[39m
Ruposhi Bangla API → http://localhost:3000/api
[2J[3J[H[[90m3:29:23 AM[0m] File change detected. Starting incremental compilation...

[96msrc/entities/collab-group.entity.ts[0m:[93m6[0m:[93m30[0m - [91merror[0m[90m TS2307: [0mCannot find module './collab-member.entity' or its corresponding type declarations.

[7m6[0m import { CollabMember } from './collab-member.entity';
[7m [0m [91m                             ~~~~~~~~~~~~~~~~~~~~~~~~[0m

[96msrc/entities/collab-group.entity.ts[0m:[93m7[0m:[93m31[0m - [91merror[0m[90m TS2307: [0mCannot find module './collab-expense.entity' or its corresponding type declarations.

[7m7[0m import { CollabExpense } from './collab-expense.entity';
[7m [0m [91m                              ~~~~~~~~~~~~~~~~~~~~~~~~~[0m

[96msrc/entities/collab-group.entity.ts[0m:[93m8[0m:[93m28[0m - [91merror[0m[90m TS2307: [0mCannot find module './collab-poll.entity' or its corresponding type declarations.

[7m8[0m import { CollabPoll } from './collab-poll.entity';
[7m [0m [91m                           ~~~~~~~~~~~~~~~~~~~~~~[0m

[96msrc/entities/collab-group.entity.ts[0m:[93m28[0m:[93m41[0m - [91merror[0m[90m TS18046: [0m'm' is of type 'unknown'.

[7m28[0m   @OneToMany(() => CollabMember, (m) => m.group, { cascade: true })
[7m  [0m [91m                                        ~[0m

[96msrc/entities/collab-group.entity.ts[0m:[93m31[0m:[93m42[0m - [91merror[0m[90m TS18046: [0m'e' is of type 'unknown'.

[7m31[0m   @OneToMany(() => CollabExpense, (e) => e.group, { cascade: true })
[7m  [0m [91m                                         ~[0m

[96msrc/entities/collab-group.entity.ts[0m:[93m34[0m:[93m39[0m - [91merror[0m[90m TS18046: [0m'p' is of type 'unknown'.

[7m34[0m   @OneToMany(() => CollabPoll, (p) => p.group, { cascade: true })
[7m  [0m [91m                                      ~[0m

[[90m3:29:24 AM[0m] Found 6 errors. Watching for file changes.

[2J[3J[H[[90m3:29:25 AM[0m] File change detected. Starting incremental compilation...

[96msrc/entities/collab-group.entity.ts[0m:[93m6[0m:[93m30[0m - [91merror[0m[90m TS2307: [0mCannot find module './collab-member.entity' or its corresponding type declarations.

[7m6[0m import { CollabMember } from './collab-member.entity';
[7m [0m [91m                             ~~~~~~~~~~~~~~~~~~~~~~~~[0m

[96msrc/entities/collab-group.entity.ts[0m:[93m7[0m:[93m31[0m - [91merror[0m[90m TS2307: [0mCannot find module './collab-expense.entity' or its corresponding type declarations.

[7m7[0m import { CollabExpense } from './collab-expense.entity';
[7m [0m [91m                              ~~~~~~~~~~~~~~~~~~~~~~~~~[0m

[96msrc/entities/collab-group.entity.ts[0m:[93m8[0m:[93m28[0m - [91merror[0m[90m TS2307: [0mCannot find module './collab-poll.entity' or its corresponding type declarations.

[7m8[0m import { CollabPoll } from './collab-poll.entity';
[7m [0m [91m                           ~~~~~~~~~~~~~~~~~~~~~~[0m

[96msrc/entities/collab-group.entity.ts[0m:[93m28[0m:[93m41[0m - [91merror[0m[90m TS18046: [0m'm' is of type 'unknown'.

[7m28[0m   @OneToMany(() => CollabMember, (m) => m.group, { cascade: true })
[7m  [0m [91m                                        ~[0m

[96msrc/entities/collab-group.entity.ts[0m:[93m31[0m:[93m42[0m - [91merror[0m[90m TS18046: [0m'e' is of type 'unknown'.

[7m31[0m   @OneToMany(() => CollabExpense, (e) => e.group, { cascade: true })
[7m  [0m [91m                                         ~[0m

[96msrc/entities/collab-group.entity.ts[0m:[93m34[0m:[93m39[0m - [91merror[0m[90m TS18046: [0m'p' is of type 'unknown'.

[7m34[0m   @OneToMany(() => CollabPoll, (p) => p.group, { cascade: true })
[7m  [0m [91m                                      ~[0m

[[90m3:29:27 AM[0m] Found 6 errors. Watching for file changes.

[2J[3J[H[[90m3:29:29 AM[0m] File change detected. Starting incremental compilation...

[96msrc/entities/collab-group.entity.ts[0m:[93m7[0m:[93m31[0m - [91merror[0m[90m TS2307: [0mCannot find module './collab-expense.entity' or its corresponding type declarations.

[7m7[0m import { CollabExpense } from './collab-expense.entity';
[7m [0m [91m                              ~~~~~~~~~~~~~~~~~~~~~~~~~[0m

[96msrc/entities/collab-group.entity.ts[0m:[93m8[0m:[93m28[0m - [91merror[0m[90m TS2307: [0mCannot find module './collab-poll.entity' or its corresponding type declarations.

[7m8[0m import { CollabPoll } from './collab-poll.entity';
[7m [0m [91m                           ~~~~~~~~~~~~~~~~~~~~~~[0m

[96msrc/entities/collab-group.entity.ts[0m:[93m31[0m:[93m42[0m - [91merror[0m[90m TS18046: [0m'e' is of type 'unknown'.

[7m31[0m   @OneToMany(() => CollabExpense, (e) => e.group, { cascade: true })
[7m  [0m [91m                                         ~[0m

[96msrc/entities/collab-group.entity.ts[0m:[93m34[0m:[93m39[0m - [91merror[0m[90m TS18046: [0m'p' is of type 'unknown'.

[7m34[0m   @OneToMany(() => CollabPoll, (p) => p.group, { cascade: true })
[7m  [0m [91m                                      ~[0m

[[90m3:29:30 AM[0m] Found 4 errors. Watching for file changes.

[2J[3J[H[[90m3:29:35 AM[0m] File change detected. Starting incremental compilation...

[96msrc/entities/collab-group.entity.ts[0m:[93m8[0m:[93m28[0m - [91merror[0m[90m TS2307: [0mCannot find module './collab-poll.entity' or its corresponding type declarations.

[7m8[0m import { CollabPoll } from './collab-poll.entity';
[7m [0m [91m                           ~~~~~~~~~~~~~~~~~~~~~~[0m

[96msrc/entities/collab-group.entity.ts[0m:[93m34[0m:[93m39[0m - [91merror[0m[90m TS18046: [0m'p' is of type 'unknown'.

[7m34[0m   @OneToMany(() => CollabPoll, (p) => p.group, { cascade: true })
[7m  [0m [91m                                      ~[0m

[[90m3:29:36 AM[0m] Found 2 errors. Watching for file changes.

[2J[3J[H[[90m3:29:40 AM[0m] File change detected. Starting incremental compilation...

[[90m3:29:42 AM[0m] Found 0 errors. Watching for file changes.

[2J[3J[H[[90m3:29:42 AM[0m] File change detected. Starting incremental compilation...

[[90m3:29:45 AM[0m] Found 0 errors. Watching for file changes.

[2J[3J[H[[90m3:29:52 AM[0m] File change detected. Starting incremental compilation...

[[90m3:29:55 AM[0m] Found 0 errors. Watching for file changes.

[32m[Nest] 10612  - [39m05/02/2026, 3:30:02 AM [32m    LOG[39m [38;5;3m[NestFactory] [39m[32mStarting Nest application...[39m
[32m[Nest] 10612  - [39m05/02/2026, 3:30:02 AM [32m    LOG[39m [38;5;3m[InstanceLoader] [39m[32mAppModule dependencies initialized[39m[38;5;3m +133ms[39m
[32m[Nest] 10612  - [39m05/02/2026, 3:30:02 AM [32m    LOG[39m [38;5;3m[InstanceLoader] [39m[32mTypeOrmModule dependencies initialized[39m[38;5;3m +0ms[39m
[32m[Nest] 10612  - [39m05/02/2026, 3:30:02 AM [32m    LOG[39m [38;5;3m[InstanceLoader] [39m[32mPassportModule dependencies initialized[39m[38;5;3m +0ms[39m
[32m[Nest] 10612  - [39m05/02/2026, 3:30:02 AM [32m    LOG[39m [38;5;3m[InstanceLoader] [39m[32mConfigHostModule dependencies initialized[39m[38;5;3m +1ms[39m
[32m[Nest] 10612  - [39m05/02/2026, 3:30:02 AM [32m    LOG[39m [38;5;3m[InstanceLoader] [39m[32mJwtModule dependencies initialized[39m[38;5;3m +0ms[39m
[32m[Nest] 10612  - [39m05/02/2026, 3:30:02 AM [32m    LOG[39m [38;5;3m[InstanceLoader] [39m[32mConfigModule dependencies initialized[39m[38;5;3m +1ms[39m
[32m[Nest] 10612  - [39m05/02/2026, 3:30:02 AM [32m    LOG[39m [38;5;3m[InstanceLoader] [39m[32mTypeOrmCoreModule dependencies initialized[39m[38;5;3m +131ms[39m
[32m[Nest] 10612  - [39m05/02/2026, 3:30:02 AM [32m    LOG[39m [38;5;3m[InstanceLoader] [39m[32mTypeOrmModule dependencies initialized[39m[38;5;3m +0ms[39m
[32m[Nest] 10612  - [39m05/02/2026, 3:30:02 AM [32m    LOG[39m [38;5;3m[InstanceLoader] [39m[32mTypeOrmModule dependencies initialized[39m[38;5;3m +1ms[39m
[32m[Nest] 10612  - [39m05/02/2026, 3:30:02 AM [32m    LOG[39m [38;5;3m[InstanceLoader] [39m[32mTypeOrmModule dependencies initialized[39m[38;5;3m +0ms[39m
[32m[Nest] 10612  - [39m05/02/2026, 3:30:02 AM [32m    LOG[39m [38;5;3m[InstanceLoader] [39m[32mTypeOrmModule dependencies initialized[39m[38;5;3m +0ms[39m
[32m[Nest] 10612  - [39m05/02/2026, 3:30:02 AM [32m    LOG[39m [38;5;3m[InstanceLoader] [39m[32mAuthModule dependencies initialized[39m[38;5;3m +9ms[39m
[32m[Nest] 10612  - [39m05/02/2026, 3:30:02 AM [32m    LOG[39m [38;5;3m[InstanceLoader] [39m[32mUsersModule dependencies initialized[39m[38;5;3m +1ms[39m
[32m[Nest] 10612  - [39m05/02/2026, 3:30:02 AM [32m    LOG[39m [38;5;3m[InstanceLoader] [39m[32mTripsModule dependencies initialized[39m[38;5;3m +1ms[39m
[32m[Nest] 10612  - [39m05/02/2026, 3:30:02 AM [32m    LOG[39m [38;5;3m[InstanceLoader] [39m[32mBudgetModule dependencies initialized[39m[38;5;3m +0ms[39m
[32m[Nest] 10612  - [39m05/02/2026, 3:30:02 AM [32m    LOG[39m [38;5;3m[InstanceLoader] [39m[32mSosModule dependencies initialized[39m[38;5;3m +0ms[39m
[32m[Nest] 10612  - [39m05/02/2026, 3:30:02 AM [32m    LOG[39m [38;5;3m[RoutesResolver] [39m[32mAuthController {/api/auth}:[39m[38;5;3m +142ms[39m
[32m[Nest] 10612  - [39m05/02/2026, 3:30:02 AM [32m    LOG[39m [38;5;3m[RouterExplorer] [39m[32mMapped {/api/auth/register, POST} route[39m[38;5;3m +11ms[39m
[32m[Nest] 10612  - [39m05/02/2026, 3:30:02 AM [32m    LOG[39m [38;5;3m[RouterExplorer] [39m[32mMapped {/api/auth/login, POST} route[39m[38;5;3m +2ms[39m
[32m[Nest] 10612  - [39m05/02/2026, 3:30:02 AM [32m    LOG[39m [38;5;3m[RoutesResolver] [39m[32mUsersController {/api/users}:[39m[38;5;3m +0ms[39m
[32m[Nest] 10612  - [39m05/02/2026, 3:30:02 AM [32m    LOG[39m [38;5;3m[RouterExplorer] [39m[32mMapped {/api/users/me, GET} route[39m[38;5;3m +3ms[39m
[32m[Nest] 10612  - [39m05/02/2026, 3:30:02 AM [32m    LOG[39m [38;5;3m[RouterExplorer] [39m[32mMapped {/api/users/me, PATCH} route[39m[38;5;3m +1ms[39m
[32m[Nest] 10612  - [39m05/02/2026, 3:30:02 AM [32m    LOG[39m [38;5;3m[RoutesResolver] [39m[32mTripsController {/api/trips}:[39m[38;5;3m +1ms[39m
[32m[Nest] 10612  - [39m05/02/2026, 3:30:02 AM [32m    LOG[39m [38;5;3m[RouterExplorer] [39m[32mMapped {/api/trips, POST} route[39m[38;5;3m +1ms[39m
[32m[Nest] 10612  - [39m05/02/2026, 3:30:02 AM [32m    LOG[39m [38;5;3m[RouterExplorer] [39m[32mMapped {/api/trips, GET} route[39m[38;5;3m +1ms[39m
[32m[Nest] 10612  - [39m05/02/2026, 3:30:02 AM [32m    LOG[39m [38;5;3m[RouterExplorer] [39m[32mMapped {/api/trips/:id, GET} route[39m[38;5;3m +2ms[39m
[32m[Nest] 10612  - [39m05/02/2026, 3:30:02 AM [32m    LOG[39m [38;5;3m[RouterExplorer] [39m[32mMapped {/api/trips/:id, PATCH} route[39m[38;5;3m +1ms[39m
[32m[Nest] 10612  - [39m05/02/2026, 3:30:02 AM [32m    LOG[39m [38;5;3m[RouterExplorer] [39m[32mMapped {/api/trips/:id, DELETE} route[39m[38;5;3m +1ms[39m
[32m[Nest] 10612  - [39m05/02/2026, 3:30:02 AM [32m    LOG[39m [38;5;3m[RoutesResolver] [39m[32mBudgetController {/api/trips/:tripId/expenses}:[39m[38;5;3m +1ms[39m
[32m[Nest] 10612  - [39m05/02/2026, 3:30:02 AM [32m    LOG[39m [38;5;3m[RouterExplorer] [39m[32mMapped {/api/trips/:tripId/expenses, POST} route[39m[38;5;3m +2ms[39m
[32m[Nest] 10612  - [39m05/02/2026, 3:30:02 AM [32m    LOG[39m [38;5;3m[RouterExplorer] [39m[32mMapped {/api/trips/:tripId/expenses, GET} route[39m[38;5;3m +1ms[39m
[32m[Nest] 10612  - [39m05/02/2026, 3:30:02 AM [32m    LOG[39m [38;5;3m[RouterExplorer] [39m[32mMapped {/api/trips/:tripId/expenses/summary, GET} route[39m[38;5;3m +1ms[39m
[32m[Nest] 10612  - [39m05/02/2026, 3:30:02 AM [32m    LOG[39m [38;5;3m[RouterExplorer] [39m[32mMapped {/api/trips/:tripId/expenses/:id, DELETE} route[39m[38;5;3m +1ms[39m
[32m[Nest] 10612  - [39m05/02/2026, 3:30:02 AM [32m    LOG[39m [38;5;3m[RoutesResolver] [39m[32mSosController {/api/sos}:[39m[38;5;3m +0ms[39m
[32m[Nest] 10612  - [39m05/02/2026, 3:30:02 AM [32m    LOG[39m [38;5;3m[RouterExplorer] [39m[32mMapped {/api/sos/contacts, GET} route[39m[38;5;3m +1ms[39m
[32m[Nest] 10612  - [39m05/02/2026, 3:30:02 AM [32m    LOG[39m [38;5;3m[RouterExplorer] [39m[32mMapped {/api/sos/contacts, POST} route[39m[38;5;3m +1ms[39m
[32m[Nest] 10612  - [39m05/02/2026, 3:30:02 AM [32m    LOG[39m [38;5;3m[RouterExplorer] [39m[32mMapped {/api/sos/contacts/:id, DELETE} route[39m[38;5;3m +0ms[39m
[32m[Nest] 10612  - [39m05/02/2026, 3:30:03 AM [32m    LOG[39m [38;5;3m[NestApplication] [39m[32mNest application successfully started[39m[38;5;3m +11ms[39m
[31m[Nest] 10612  - [39m05/02/2026, 3:30:03 AM [31m  ERROR[39m [38;5;3m[NestApplication] [39m[31mError: listen EADDRINUSE: address already in use :::3000[39m[38;5;3m +10ms[39m
node:net:2008
    const ex = new UVExceptionWithHostPort(err, 'listen', address, port);
               ^

Error: listen EADDRINUSE: address already in use :::3000
    at Server.setupListenHandle [as _listen2] (node:net:2008:16)
    at listenInCluster (node:net:2065:12)
    at Server.listen (node:net:2170:7)
    at ExpressAdapter.listen (C:\Users\User\Desktop\AnT\backend\node_modules\@nestjs\platform-express\adapters\express-adapter.js:115:32)
    at C:\Users\User\Desktop\AnT\backend\node_modules\@nestjs\core\nest-application.js:188:30
    at new Promise (<anonymous>)
    at NestApplication.listen (C:\Users\User\Desktop\AnT\backend\node_modules\@nestjs\core\nest-application.js:178:16)
    at async bootstrap (C:\Users\User\Desktop\AnT\backend\src\main.ts:11:3) {
  code: 'EADDRINUSE',
  errno: -4091,
  syscall: 'listen',
  address: '::',
  port: 3000
}

Node.js v24.15.0
[2J[3J[H[[90m3:30:07 AM[0m] File change detected. Starting incremental compilation...

[[90m3:30:08 AM[0m] Found 0 errors. Watching for file changes.

[32m[Nest] 20376  - [39m05/02/2026, 3:30:15 AM [32m    LOG[39m [38;5;3m[NestFactory] [39m[32mStarting Nest application...[39m
[32m[Nest] 20376  - [39m05/02/2026, 3:30:15 AM [32m    LOG[39m [38;5;3m[InstanceLoader] [39m[32mAppModule dependencies initialized[39m[38;5;3m +232ms[39m
[32m[Nest] 20376  - [39m05/02/2026, 3:30:15 AM [32m    LOG[39m [38;5;3m[InstanceLoader] [39m[32mTypeOrmModule dependencies initialized[39m[38;5;3m +0ms[39m
[32m[Nest] 20376  - [39m05/02/2026, 3:30:15 AM [32m    LOG[39m [38;5;3m[InstanceLoader] [39m[32mPassportModule dependencies initialized[39m[38;5;3m +1ms[39m
[32m[Nest] 20376  - [39m05/02/2026, 3:30:15 AM [32m    LOG[39m [38;5;3m[InstanceLoader] [39m[32mConfigHostModule dependencies initialized[39m[38;5;3m +1ms[39m
[32m[Nest] 20376  - [39m05/02/2026, 3:30:15 AM [32m    LOG[39m [38;5;3m[InstanceLoader] [39m[32mJwtModule dependencies initialized[39m[38;5;3m +0ms[39m
[32m[Nest] 20376  - [39m05/02/2026, 3:30:15 AM [32m    LOG[39m [38;5;3m[InstanceLoader] [39m[32mConfigModule dependencies initialized[39m[38;5;3m +0ms[39m
[32m[Nest] 20376  - [39m05/02/2026, 3:30:15 AM [32m    LOG[39m [38;5;3m[InstanceLoader] [39m[32mTypeOrmCoreModule dependencies initialized[39m[38;5;3m +215ms[39m
[32m[Nest] 20376  - [39m05/02/2026, 3:30:15 AM [32m    LOG[39m [38;5;3m[InstanceLoader] [39m[32mTypeOrmModule dependencies initialized[39m[38;5;3m +1ms[39m
[32m[Nest] 20376  - [39m05/02/2026, 3:30:15 AM [32m    LOG[39m [38;5;3m[InstanceLoader] [39m[32mTypeOrmModule dependencies initialized[39m[38;5;3m +0ms[39m
[32m[Nest] 20376  - [39m05/02/2026, 3:30:15 AM [32m    LOG[39m [38;5;3m[InstanceLoader] [39m[32mTypeOrmModule dependencies initialized[39m[38;5;3m +0ms[39m
[32m[Nest] 20376  - [39m05/02/2026, 3:30:15 AM [32m    LOG[39m [38;5;3m[InstanceLoader] [39m[32mTypeOrmModule dependencies initialized[39m[38;5;3m +1ms[39m
[32m[Nest] 20376  - [39m05/02/2026, 3:30:15 AM [32m    LOG[39m [38;5;3m[InstanceLoader] [39m[32mAuthModule dependencies initialized[39m[38;5;3m +9ms[39m
[32m[Nest] 20376  - [39m05/02/2026, 3:30:15 AM [32m    LOG[39m [38;5;3m[InstanceLoader] [39m[32mUsersModule dependencies initialized[39m[38;5;3m +1ms[39m
[32m[Nest] 20376  - [39m05/02/2026, 3:30:15 AM [32m    LOG[39m [38;5;3m[InstanceLoader] [39m[32mTripsModule dependencies initialized[39m[38;5;3m +0ms[39m
[32m[Nest] 20376  - [39m05/02/2026, 3:30:15 AM [32m    LOG[39m [38;5;3m[InstanceLoader] [39m[32mBudgetModule dependencies initialized[39m[38;5;3m +0ms[39m
[32m[Nest] 20376  - [39m05/02/2026, 3:30:15 AM [32m    LOG[39m [38;5;3m[InstanceLoader] [39m[32mSosModule dependencies initialized[39m[38;5;3m +0ms[39m
[2J[3J[H[[90m3:30:15 AM[0m] File change detected. Starting incremental compilation...

[32m[Nest] 20376  - [39m05/02/2026, 3:30:15 AM [32m    LOG[39m [38;5;3m[RoutesResolver] [39m[32mAuthController {/api/auth}:[39m[38;5;3m +376ms[39m
[32m[Nest] 20376  - [39m05/02/2026, 3:30:16 AM [32m    LOG[39m [38;5;3m[RouterExplorer] [39m[32mMapped {/api/auth/register, POST} route[39m[38;5;3m +16ms[39m
[32m[Nest] 20376  - [39m05/02/2026, 3:30:16 AM [32m    LOG[39m [38;5;3m[RouterExplorer] [39m[32mMapped {/api/auth/login, POST} route[39m[38;5;3m +3ms[39m
[32m[Nest] 20376  - [39m05/02/2026, 3:30:16 AM [32m    LOG[39m [38;5;3m[RoutesResolver] [39m[32mUsersController {/api/users}:[39m[38;5;3m +0ms[39m
[32m[Nest] 20376  - [39m05/02/2026, 3:30:16 AM [32m    LOG[39m [38;5;3m[RouterExplorer] [39m[32mMapped {/api/users/me, GET} route[39m[38;5;3m +2ms[39m
[32m[Nest] 20376  - [39m05/02/2026, 3:30:16 AM [32m    LOG[39m [38;5;3m[RouterExplorer] [39m[32mMapped {/api/users/me, PATCH} route[39m[38;5;3m +2ms[39m
[32m[Nest] 20376  - [39m05/02/2026, 3:30:16 AM [32m    LOG[39m [38;5;3m[RoutesResolver] [39m[32mTripsController {/api/trips}:[39m[38;5;3m +0ms[39m
[32m[Nest] 20376  - [39m05/02/2026, 3:30:16 AM [32m    LOG[39m [38;5;3m[RouterExplorer] [39m[32mMapped {/api/trips, POST} route[39m[38;5;3m +2ms[39m
[32m[Nest] 20376  - [39m05/02/2026, 3:30:16 AM [32m    LOG[39m [38;5;3m[RouterExplorer] [39m[32mMapped {/api/trips, GET} route[39m[38;5;3m +1ms[39m
[32m[Nest] 20376  - [39m05/02/2026, 3:30:16 AM [32m    LOG[39m [38;5;3m[RouterExplorer] [39m[32mMapped {/api/trips/:id, GET} route[39m[38;5;3m +2ms[39m
[32m[Nest] 20376  - [39m05/02/2026, 3:30:16 AM [32m    LOG[39m [38;5;3m[RouterExplorer] [39m[32mMapped {/api/trips/:id, PATCH} route[39m[38;5;3m +1ms[39m
[32m[Nest] 20376  - [39m05/02/2026, 3:30:16 AM [32m    LOG[39m [38;5;3m[RouterExplorer] [39m[32mMapped {/api/trips/:id, DELETE} route[39m[38;5;3m +1ms[39m
[32m[Nest] 20376  - [39m05/02/2026, 3:30:16 AM [32m    LOG[39m [38;5;3m[RoutesResolver] [39m[32mBudgetController {/api/trips/:tripId/expenses}:[39m[38;5;3m +0ms[39m
[32m[Nest] 20376  - [39m05/02/2026, 3:30:16 AM [32m    LOG[39m [38;5;3m[RouterExplorer] [39m[32mMapped {/api/trips/:tripId/expenses, POST} route[39m[38;5;3m +2ms[39m
[32m[Nest] 20376  - [39m05/02/2026, 3:30:16 AM [32m    LOG[39m [38;5;3m[RouterExplorer] [39m[32mMapped {/api/trips/:tripId/expenses, GET} route[39m[38;5;3m +1ms[39m
[32m[Nest] 20376  - [39m05/02/2026, 3:30:16 AM [32m    LOG[39m [38;5;3m[RouterExplorer] [39m[32mMapped {/api/trips/:tripId/expenses/summary, GET} route[39m[38;5;3m +1ms[39m
[32m[Nest] 20376  - [39m05/02/2026, 3:30:16 AM [32m    LOG[39m [38;5;3m[RouterExplorer] [39m[32mMapped {/api/trips/:tripId/expenses/:id, DELETE} route[39m[38;5;3m +1ms[39m
[32m[Nest] 20376  - [39m05/02/2026, 3:30:16 AM [32m    LOG[39m [38;5;3m[RoutesResolver] [39m[32mSosController {/api/sos}:[39m[38;5;3m +0ms[39m
[32m[Nest] 20376  - [39m05/02/2026, 3:30:16 AM [32m    LOG[39m [38;5;3m[RouterExplorer] [39m[32mMapped {/api/sos/contacts, GET} route[39m[38;5;3m +1ms[39m
[32m[Nest] 20376  - [39m05/02/2026, 3:30:16 AM [32m    LOG[39m [38;5;3m[RouterExplorer] [39m[32mMapped {/api/sos/contacts, POST} route[39m[38;5;3m +0ms[39m
[32m[Nest] 20376  - [39m05/02/2026, 3:30:16 AM [32m    LOG[39m [38;5;3m[RouterExplorer] [39m[32mMapped {/api/sos/contacts/:id, DELETE} route[39m[38;5;3m +1ms[39m
[32m[Nest] 20376  - [39m05/02/2026, 3:30:16 AM [32m    LOG[39m [38;5;3m[NestApplication] [39m[32mNest application successfully started[39m[38;5;3m +10ms[39m
Ruposhi Bangla API → http://localhost:3000/api
[[90m3:30:17 AM[0m] Found 0 errors. Watching for file changes.

[2J[3J[H[[90m3:30:21 AM[0m] File change detected. Starting incremental compilation...

[32m[Nest] 18616  - [39m05/02/2026, 3:30:22 AM [32m    LOG[39m [38;5;3m[NestFactory] [39m[32mStarting Nest application...[39m
[32m[Nest] 18616  - [39m05/02/2026, 3:30:22 AM [32m    LOG[39m [38;5;3m[InstanceLoader] [39m[32mAppModule dependencies initialized[39m[38;5;3m +95ms[39m
[32m[Nest] 18616  - [39m05/02/2026, 3:30:22 AM [32m    LOG[39m [38;5;3m[InstanceLoader] [39m[32mTypeOrmModule dependencies initialized[39m[38;5;3m +1ms[39m
[32m[Nest] 18616  - [39m05/02/2026, 3:30:22 AM [32m    LOG[39m [38;5;3m[InstanceLoader] [39m[32mPassportModule dependencies initialized[39m[38;5;3m +0ms[39m
[32m[Nest] 18616  - [39m05/02/2026, 3:30:22 AM [32m    LOG[39m [38;5;3m[InstanceLoader] [39m[32mConfigHostModule dependencies initialized[39m[38;5;3m +1ms[39m
[32m[Nest] 18616  - [39m05/02/2026, 3:30:22 AM [32m    LOG[39m [38;5;3m[InstanceLoader] [39m[32mJwtModule dependencies initialized[39m[38;5;3m +0ms[39m
[32m[Nest] 18616  - [39m05/02/2026, 3:30:22 AM [32m    LOG[39m [38;5;3m[InstanceLoader] [39m[32mConfigModule dependencies initialized[39m[38;5;3m +1ms[39m
[32m[Nest] 18616  - [39m05/02/2026, 3:30:22 AM [32m    LOG[39m [38;5;3m[InstanceLoader] [39m[32mTypeOrmCoreModule dependencies initialized[39m[38;5;3m +76ms[39m
[32m[Nest] 18616  - [39m05/02/2026, 3:30:22 AM [32m    LOG[39m [38;5;3m[InstanceLoader] [39m[32mTypeOrmModule dependencies initialized[39m[38;5;3m +1ms[39m
[32m[Nest] 18616  - [39m05/02/2026, 3:30:22 AM [32m    LOG[39m [38;5;3m[InstanceLoader] [39m[32mTypeOrmModule dependencies initialized[39m[38;5;3m +0ms[39m
[32m[Nest] 18616  - [39m05/02/2026, 3:30:22 AM [32m    LOG[39m [38;5;3m[InstanceLoader] [39m[32mTypeOrmModule dependencies initialized[39m[38;5;3m +0ms[39m
[32m[Nest] 18616  - [39m05/02/2026, 3:30:22 AM [32m    LOG[39m [38;5;3m[InstanceLoader] [39m[32mTypeOrmModule dependencies initialized[39m[38;5;3m +0ms[39m
[32m[Nest] 18616  - [39m05/02/2026, 3:30:22 AM [32m    LOG[39m [38;5;3m[InstanceLoader] [39m[32mAuthModule dependencies initialized[39m[38;5;3m +5ms[39m
[32m[Nest] 18616  - [39m05/02/2026, 3:30:22 AM [32m    LOG[39m [38;5;3m[InstanceLoader] [39m[32mUsersModule dependencies initialized[39m[38;5;3m +2ms[39m
[32m[Nest] 18616  - [39m05/02/2026, 3:30:22 AM [32m    LOG[39m [38;5;3m[InstanceLoader] [39m[32mTripsModule dependencies initialized[39m[38;5;3m +0ms[39m
[32m[Nest] 18616  - [39m05/02/2026, 3:30:22 AM [32m    LOG[39m [38;5;3m[InstanceLoader] [39m[32mBudgetModule dependencies initialized[39m[38;5;3m +0ms[39m
[32m[Nest] 18616  - [39m05/02/2026, 3:30:22 AM [32m    LOG[39m [38;5;3m[InstanceLoader] [39m[32mSosModule dependencies initialized[39m[38;5;3m +0ms[39m
[32m[Nest] 18616  - [39m05/02/2026, 3:30:22 AM [32m    LOG[39m [38;5;3m[RoutesResolver] [39m[32mAuthController {/api/auth}:[39m[38;5;3m +112ms[39m
[32m[Nest] 18616  - [39m05/02/2026, 3:30:22 AM [32m    LOG[39m [38;5;3m[RouterExplorer] [39m[32mMapped {/api/auth/register, POST} route[39m[38;5;3m +9ms[39m
[32m[Nest] 18616  - [39m05/02/2026, 3:30:22 AM [32m    LOG[39m [38;5;3m[RouterExplorer] [39m[32mMapped {/api/auth/login, POST} route[39m[38;5;3m +1ms[39m
[32m[Nest] 18616  - [39m05/02/2026, 3:30:22 AM [32m    LOG[39m [38;5;3m[RoutesResolver] [39m[32mUsersController {/api/users}:[39m[38;5;3m +1ms[39m
[32m[Nest] 18616  - [39m05/02/2026, 3:30:22 AM [32m    LOG[39m [38;5;3m[RouterExplorer] [39m[32mMapped {/api/users/me, GET} route[39m[38;5;3m +1ms[39m
[32m[Nest] 18616  - [39m05/02/2026, 3:30:22 AM [32m    LOG[39m [38;5;3m[RouterExplorer] [39m[32mMapped {/api/users/me, PATCH} route[39m[38;5;3m +1ms[39m
[32m[Nest] 18616  - [39m05/02/2026, 3:30:22 AM [32m    LOG[39m [38;5;3m[RoutesResolver] [39m[32mTripsController {/api/trips}:[39m[38;5;3m +1ms[39m
[32m[Nest] 18616  - [39m05/02/2026, 3:30:22 AM [32m    LOG[39m [38;5;3m[RouterExplorer] [39m[32mMapped {/api/trips, POST} route[39m[38;5;3m +1ms[39m
[32m[Nest] 18616  - [39m05/02/2026, 3:30:22 AM [32m    LOG[39m [38;5;3m[RouterExplorer] [39m[32mMapped {/api/trips, GET} route[39m[38;5;3m +1ms[39m
[32m[Nest] 18616  - [39m05/02/2026, 3:30:22 AM [32m    LOG[39m [38;5;3m[RouterExplorer] [39m[32mMapped {/api/trips/:id, GET} route[39m[38;5;3m +2ms[39m
[32m[Nest] 18616  - [39m05/02/2026, 3:30:22 AM [32m    LOG[39m [38;5;3m[RouterExplorer] [39m[32mMapped {/api/trips/:id, PATCH} route[39m[38;5;3m +1ms[39m
[32m[Nest] 18616  - [39m05/02/2026, 3:30:22 AM [32m    LOG[39m [38;5;3m[RouterExplorer] [39m[32mMapped {/api/trips/:id, DELETE} route[39m[38;5;3m +1ms[39m
[32m[Nest] 18616  - [39m05/02/2026, 3:30:22 AM [32m    LOG[39m [38;5;3m[RoutesResolver] [39m[32mBudgetController {/api/trips/:tripId/expenses}:[39m[38;5;3m +0ms[39m
[32m[Nest] 18616  - [39m05/02/2026, 3:30:22 AM [32m    LOG[39m [38;5;3m[RouterExplorer] [39m[32mMapped {/api/trips/:tripId/expenses, POST} route[39m[38;5;3m +1ms[39m
[32m[Nest] 18616  - [39m05/02/2026, 3:30:22 AM [32m    LOG[39m [38;5;3m[RouterExplorer] [39m[32mMapped {/api/trips/:tripId/expenses, GET} route[39m[38;5;3m +1ms[39m
[32m[Nest] 18616  - [39m05/02/2026, 3:30:22 AM [32m    LOG[39m [38;5;3m[RouterExplorer] [39m[32mMapped {/api/trips/:tripId/expenses/summary, GET} route[39m[38;5;3m +1ms[39m
[32m[Nest] 18616  - [39m05/02/2026, 3:30:22 AM [32m    LOG[39m [38;5;3m[RouterExplorer] [39m[32mMapped {/api/trips/:tripId/expenses/:id, DELETE} route[39m[38;5;3m +0ms[39m
[32m[Nest] 18616  - [39m05/02/2026, 3:30:22 AM [32m    LOG[39m [38;5;3m[RoutesResolver] [39m[32mSosController {/api/sos}:[39m[38;5;3m +0ms[39m
[32m[Nest] 18616  - [39m05/02/2026, 3:30:22 AM [32m    LOG[39m [38;5;3m[RouterExplorer] [39m[32mMapped {/api/sos/contacts, GET} route[39m[38;5;3m +1ms[39m
[32m[Nest] 18616  - [39m05/02/2026, 3:30:22 AM [32m    LOG[39m [38;5;3m[RouterExplorer] [39m[32mMapped {/api/sos/contacts, POST} route[39m[38;5;3m +0ms[39m
[32m[Nest] 18616  - [39m05/02/2026, 3:30:22 AM [32m    LOG[39m [38;5;3m[RouterExplorer] [39m[32mMapped {/api/sos/contacts/:id, DELETE} route[39m[38;5;3m +0ms[39m
[32m[Nest] 18616  - [39m05/02/2026, 3:30:22 AM [32m    LOG[39m [38;5;3m[NestApplication] [39m[32mNest application successfully started[39m[38;5;3m +8ms[39m
Ruposhi Bangla API → http://localhost:3000/api
[[90m3:30:22 AM[0m] Found 0 errors. Watching for file changes.

[32m[Nest] 4908  - [39m05/02/2026, 3:30:26 AM [32m    LOG[39m [38;5;3m[NestFactory] [39m[32mStarting Nest application...[39m
[32m[Nest] 4908  - [39m05/02/2026, 3:30:26 AM [32m    LOG[39m [38;5;3m[InstanceLoader] [39m[32mAppModule dependencies initialized[39m[38;5;3m +63ms[39m
[32m[Nest] 4908  - [39m05/02/2026, 3:30:26 AM [32m    LOG[39m [38;5;3m[InstanceLoader] [39m[32mTypeOrmModule dependencies initialized[39m[38;5;3m +0ms[39m
[32m[Nest] 4908  - [39m05/02/2026, 3:30:26 AM [32m    LOG[39m [38;5;3m[InstanceLoader] [39m[32mPassportModule dependencies initialized[39m[38;5;3m +1ms[39m
[32m[Nest] 4908  - [39m05/02/2026, 3:30:26 AM [32m    LOG[39m [38;5;3m[InstanceLoader] [39m[32mConfigHostModule dependencies initialized[39m[38;5;3m +0ms[39m
[32m[Nest] 4908  - [39m05/02/2026, 3:30:26 AM [32m    LOG[39m [38;5;3m[InstanceLoader] [39m[32mJwtModule dependencies initialized[39m[38;5;3m +0ms[39m
[32m[Nest] 4908  - [39m05/02/2026, 3:30:26 AM [32m    LOG[39m [38;5;3m[InstanceLoader] [39m[32mConfigModule dependencies initialized[39m[38;5;3m +0ms[39m
[32m[Nest] 4908  - [39m05/02/2026, 3:30:26 AM [32m    LOG[39m [38;5;3m[InstanceLoader] [39m[32mTypeOrmCoreModule dependencies initialized[39m[38;5;3m +83ms[39m
[32m[Nest] 4908  - [39m05/02/2026, 3:30:26 AM [32m    LOG[39m [38;5;3m[InstanceLoader] [39m[32mTypeOrmModule dependencies initialized[39m[38;5;3m +1ms[39m
[32m[Nest] 4908  - [39m05/02/2026, 3:30:26 AM [32m    LOG[39m [38;5;3m[InstanceLoader] [39m[32mTypeOrmModule dependencies initialized[39m[38;5;3m +0ms[39m
[32m[Nest] 4908  - [39m05/02/2026, 3:30:26 AM [32m    LOG[39m [38;5;3m[InstanceLoader] [39m[32mTypeOrmModule dependencies initialized[39m[38;5;3m +0ms[39m
[32m[Nest] 4908  - [39m05/02/2026, 3:30:26 AM [32m    LOG[39m [38;5;3m[InstanceLoader] [39m[32mTypeOrmModule dependencies initialized[39m[38;5;3m +0ms[39m
[32m[Nest] 4908  - [39m05/02/2026, 3:30:26 AM [32m    LOG[39m [38;5;3m[InstanceLoader] [39m[32mAuthModule dependencies initialized[39m[38;5;3m +5ms[39m
[32m[Nest] 4908  - [39m05/02/2026, 3:30:26 AM [32m    LOG[39m [38;5;3m[InstanceLoader] [39m[32mUsersModule dependencies initialized[39m[38;5;3m +0ms[39m
[32m[Nest] 4908  - [39m05/02/2026, 3:30:26 AM [32m    LOG[39m [38;5;3m[InstanceLoader] [39m[32mTripsModule dependencies initialized[39m[38;5;3m +1ms[39m
[32m[Nest] 4908  - [39m05/02/2026, 3:30:26 AM [32m    LOG[39m [38;5;3m[InstanceLoader] [39m[32mBudgetModule dependencies initialized[39m[38;5;3m +0ms[39m
[32m[Nest] 4908  - [39m05/02/2026, 3:30:26 AM [32m    LOG[39m [38;5;3m[InstanceLoader] [39m[32mSosModule dependencies initialized[39m[38;5;3m +0ms[39m
[32m[Nest] 4908  - [39m05/02/2026, 3:30:26 AM [32m    LOG[39m [38;5;3m[RoutesResolver] [39m[32mAuthController {/api/auth}:[39m[38;5;3m +75ms[39m
[32m[Nest] 4908  - [39m05/02/2026, 3:30:26 AM [32m    LOG[39m [38;5;3m[RouterExplorer] [39m[32mMapped {/api/auth/register, POST} route[39m[38;5;3m +7ms[39m
[32m[Nest] 4908  - [39m05/02/2026, 3:30:26 AM [32m    LOG[39m [38;5;3m[RouterExplorer] [39m[32mMapped {/api/auth/login, POST} route[39m[38;5;3m +1ms[39m
[32m[Nest] 4908  - [39m05/02/2026, 3:30:26 AM [32m    LOG[39m [38;5;3m[RoutesResolver] [39m[32mUsersController {/api/users}:[39m[38;5;3m +0ms[39m
[32m[Nest] 4908  - [39m05/02/2026, 3:30:26 AM [32m    LOG[39m [38;5;3m[RouterExplorer] [39m[32mMapped {/api/users/me, GET} route[39m[38;5;3m +2ms[39m
[32m[Nest] 4908  - [39m05/02/2026, 3:30:26 AM [32m    LOG[39m [38;5;3m[RouterExplorer] [39m[32mMapped {/api/users/me, PATCH} route[39m[38;5;3m +0ms[39m
[32m[Nest] 4908  - [39m05/02/2026, 3:30:26 AM [32m    LOG[39m [38;5;3m[RoutesResolver] [39m[32mTripsController {/api/trips}:[39m[38;5;3m +1ms[39m
[32m[Nest] 4908  - [39m05/02/2026, 3:30:26 AM [32m    LOG[39m [38;5;3m[RouterExplorer] [39m[32mMapped {/api/trips, POST} route[39m[38;5;3m +0ms[39m
[32m[Nest] 4908  - [39m05/02/2026, 3:30:26 AM [32m    LOG[39m [38;5;3m[RouterExplorer] [39m[32mMapped {/api/trips, GET} route[39m[38;5;3m +1ms[39m
[32m[Nest] 4908  - [39m05/02/2026, 3:30:26 AM [32m    LOG[39m [38;5;3m[RouterExplorer] [39m[32mMapped {/api/trips/:id, GET} route[39m[38;5;3m +1ms[39m
[32m[Nest] 4908  - [39m05/02/2026, 3:30:26 AM [32m    LOG[39m [38;5;3m[RouterExplorer] [39m[32mMapped {/api/trips/:id, PATCH} route[39m[38;5;3m +1ms[39m
[32m[Nest] 4908  - [39m05/02/2026, 3:30:26 AM [32m    LOG[39m [38;5;3m[RouterExplorer] [39m[32mMapped {/api/trips/:id, DELETE} route[39m[38;5;3m +1ms[39m
[32m[Nest] 4908  - [39m05/02/2026, 3:30:26 AM [32m    LOG[39m [38;5;3m[RoutesResolver] [39m[32mBudgetController {/api/trips/:tripId/expenses}:[39m[38;5;3m +0ms[39m
[32m[Nest] 4908  - [39m05/02/2026, 3:30:26 AM [32m    LOG[39m [38;5;3m[RouterExplorer] [39m[32mMapped {/api/trips/:tripId/expenses, POST} route[39m[38;5;3m +2ms[39m
[32m[Nest] 4908  - [39m05/02/2026, 3:30:26 AM [32m    LOG[39m [38;5;3m[RouterExplorer] [39m[32mMapped {/api/trips/:tripId/expenses, GET} route[39m[38;5;3m +1ms[39m
[32m[Nest] 4908  - [39m05/02/2026, 3:30:26 AM [32m    LOG[39m [38;5;3m[RouterExplorer] [39m[32mMapped {/api/trips/:tripId/expenses/summary, GET} route[39m[38;5;3m +1ms[39m
[32m[Nest] 4908  - [39m05/02/2026, 3:30:26 AM [32m    LOG[39m [38;5;3m[RouterExplorer] [39m[32mMapped {/api/trips/:tripId/expenses/:id, DELETE} route[39m[38;5;3m +0ms[39m
[32m[Nest] 4908  - [39m05/02/2026, 3:30:26 AM [32m    LOG[39m [38;5;3m[RoutesResolver] [39m[32mSosController {/api/sos}:[39m[38;5;3m +0ms[39m
[32m[Nest] 4908  - [39m05/02/2026, 3:30:26 AM [32m    LOG[39m [38;5;3m[RouterExplorer] [39m[32mMapped {/api/sos/contacts, GET} route[39m[38;5;3m +1ms[39m
[32m[Nest] 4908  - [39m05/02/2026, 3:30:26 AM [32m    LOG[39m [38;5;3m[RouterExplorer] [39m[32mMapped {/api/sos/contacts, POST} route[39m[38;5;3m +0ms[39m
[32m[Nest] 4908  - [39m05/02/2026, 3:30:26 AM [32m    LOG[39m [38;5;3m[RouterExplorer] [39m[32mMapped {/api/sos/contacts/:id, DELETE} route[39m[38;5;3m +1ms[39m
[32m[Nest] 4908  - [39m05/02/2026, 3:30:26 AM [32m    LOG[39m [38;5;3m[NestApplication] [39m[32mNest application successfully started[39m[38;5;3m +9ms[39m
Ruposhi Bangla API → http://localhost:3000/api
[2J[3J[H[[90m3:30:28 AM[0m] File change detected. Starting incremental compilation...

[[90m3:30:29 AM[0m] Found 0 errors. Watching for file changes.

[2J[3J[H[[90m3:30:32 AM[0m] File change detected. Starting incremental compilation...

[[90m3:30:33 AM[0m] Found 0 errors. Watching for file changes.

[2J[3J[H[[90m3:30:37 AM[0m] File change detected. Starting incremental compilation...

[[90m3:30:38 AM[0m] Found 0 errors. Watching for file changes.

[32m[Nest] 19316  - [39m05/02/2026, 3:30:43 AM [32m    LOG[39m [38;5;3m[NestFactory] [39m[32mStarting Nest application...[39m
[32m[Nest] 19316  - [39m05/02/2026, 3:30:43 AM [32m    LOG[39m [38;5;3m[InstanceLoader] [39m[32mAppModule dependencies initialized[39m[38;5;3m +78ms[39m
[32m[Nest] 19316  - [39m05/02/2026, 3:30:43 AM [32m    LOG[39m [38;5;3m[InstanceLoader] [39m[32mTypeOrmModule dependencies initialized[39m[38;5;3m +0ms[39m
[32m[Nest] 19316  - [39m05/02/2026, 3:30:43 AM [32m    LOG[39m [38;5;3m[InstanceLoader] [39m[32mPassportModule dependencies initialized[39m[38;5;3m +0ms[39m
[32m[Nest] 19316  - [39m05/02/2026, 3:30:43 AM [32m    LOG[39m [38;5;3m[InstanceLoader] [39m[32mConfigHostModule dependencies initialized[39m[38;5;3m +1ms[39m
[32m[Nest] 19316  - [39m05/02/2026, 3:30:43 AM [32m    LOG[39m [38;5;3m[InstanceLoader] [39m[32mJwtModule dependencies initialized[39m[38;5;3m +0ms[39m
[32m[Nest] 19316  - [39m05/02/2026, 3:30:43 AM [32m    LOG[39m [38;5;3m[InstanceLoader] [39m[32mConfigModule dependencies initialized[39m[38;5;3m +0ms[39m
[32m[Nest] 19316  - [39m05/02/2026, 3:30:43 AM [32m    LOG[39m [38;5;3m[InstanceLoader] [39m[32mTypeOrmCoreModule dependencies initialized[39m[38;5;3m +129ms[39m
[32m[Nest] 19316  - [39m05/02/2026, 3:30:43 AM [32m    LOG[39m [38;5;3m[InstanceLoader] [39m[32mTypeOrmModule dependencies initialized[39m[38;5;3m +0ms[39m
[32m[Nest] 19316  - [39m05/02/2026, 3:30:43 AM [32m    LOG[39m [38;5;3m[InstanceLoader] [39m[32mTypeOrmModule dependencies initialized[39m[38;5;3m +1ms[39m
[32m[Nest] 19316  - [39m05/02/2026, 3:30:43 AM [32m    LOG[39m [38;5;3m[InstanceLoader] [39m[32mTypeOrmModule dependencies initialized[39m[38;5;3m +1ms[39m
[32m[Nest] 19316  - [39m05/02/2026, 3:30:43 AM [32m    LOG[39m [38;5;3m[InstanceLoader] [39m[32mTypeOrmModule dependencies initialized[39m[38;5;3m +0ms[39m
[32m[Nest] 19316  - [39m05/02/2026, 3:30:43 AM [32m    LOG[39m [38;5;3m[InstanceLoader] [39m[32mTypeOrmModule dependencies initialized[39m[38;5;3m +0ms[39m
[32m[Nest] 19316  - [39m05/02/2026, 3:30:43 AM [32m    LOG[39m [38;5;3m[InstanceLoader] [39m[32mAuthModule dependencies initialized[39m[38;5;3m +9ms[39m
[32m[Nest] 19316  - [39m05/02/2026, 3:30:43 AM [32m    LOG[39m [38;5;3m[InstanceLoader] [39m[32mUsersModule dependencies initialized[39m[38;5;3m +1ms[39m
[32m[Nest] 19316  - [39m05/02/2026, 3:30:43 AM [32m    LOG[39m [38;5;3m[InstanceLoader] [39m[32mTripsModule dependencies initialized[39m[38;5;3m +1ms[39m
[32m[Nest] 19316  - [39m05/02/2026, 3:30:43 AM [32m    LOG[39m [38;5;3m[InstanceLoader] [39m[32mBudgetModule dependencies initialized[39m[38;5;3m +0ms[39m
[32m[Nest] 19316  - [39m05/02/2026, 3:30:43 AM [32m    LOG[39m [38;5;3m[InstanceLoader] [39m[32mSosModule dependencies initialized[39m[38;5;3m +0ms[39m
[32m[Nest] 19316  - [39m05/02/2026, 3:30:43 AM [32m    LOG[39m [38;5;3m[InstanceLoader] [39m[32mCollabModule dependencies initialized[39m[38;5;3m +0ms[39m
[32m[Nest] 19316  - [39m05/02/2026, 3:30:43 AM [32m    LOG[39m [38;5;3m[RoutesResolver] [39m[32mAuthController {/api/auth}:[39m[38;5;3m +100ms[39m
[32m[Nest] 19316  - [39m05/02/2026, 3:30:43 AM [32m    LOG[39m [38;5;3m[RouterExplorer] [39m[32mMapped {/api/auth/register, POST} route[39m[38;5;3m +8ms[39m
[32m[Nest] 19316  - [39m05/02/2026, 3:30:43 AM [32m    LOG[39m [38;5;3m[RouterExplorer] [39m[32mMapped {/api/auth/login, POST} route[39m[38;5;3m +1ms[39m
[32m[Nest] 19316  - [39m05/02/2026, 3:30:43 AM [32m    LOG[39m [38;5;3m[RoutesResolver] [39m[32mUsersController {/api/users}:[39m[38;5;3m +0ms[39m
[32m[Nest] 19316  - [39m05/02/2026, 3:30:43 AM [32m    LOG[39m [38;5;3m[RouterExplorer] [39m[32mMapped {/api/users/me, GET} route[39m[38;5;3m +2ms[39m
[32m[Nest] 19316  - [39m05/02/2026, 3:30:43 AM [32m    LOG[39m [38;5;3m[RouterExplorer] [39m[32mMapped {/api/users/me, PATCH} route[39m[38;5;3m +1ms[39m
[32m[Nest] 19316  - [39m05/02/2026, 3:30:43 AM [32m    LOG[39m [38;5;3m[RoutesResolver] [39m[32mTripsController {/api/trips}:[39m[38;5;3m +0ms[39m
[32m[Nest] 19316  - [39m05/02/2026, 3:30:43 AM [32m    LOG[39m [38;5;3m[RouterExplorer] [39m[32mMapped {/api/trips, POST} route[39m[38;5;3m +1ms[39m
[32m[Nest] 19316  - [39m05/02/2026, 3:30:43 AM [32m    LOG[39m [38;5;3m[RouterExplorer] [39m[32mMapped {/api/trips, GET} route[39m[38;5;3m +0ms[39m
[32m[Nest] 19316  - [39m05/02/2026, 3:30:43 AM [32m    LOG[39m [38;5;3m[RouterExplorer] [39m[32mMapped {/api/trips/:id, GET} route[39m[38;5;3m +1ms[39m
[32m[Nest] 19316  - [39m05/02/2026, 3:30:43 AM [32m    LOG[39m [38;5;3m[RouterExplorer] [39m[32mMapped {/api/trips/:id, PATCH} route[39m[38;5;3m +1ms[39m
[32m[Nest] 19316  - [39m05/02/2026, 3:30:43 AM [32m    LOG[39m [38;5;3m[RouterExplorer] [39m[32mMapped {/api/trips/:id, DELETE} route[39m[38;5;3m +1ms[39m
[32m[Nest] 19316  - [39m05/02/2026, 3:30:43 AM [32m    LOG[39m [38;5;3m[RoutesResolver] [39m[32mBudgetController {/api/trips/:tripId/expenses}:[39m[38;5;3m +0ms[39m
[32m[Nest] 19316  - [39m05/02/2026, 3:30:43 AM [32m    LOG[39m [38;5;3m[RouterExplorer] [39m[32mMapped {/api/trips/:tripId/expenses, POST} route[39m[38;5;3m +1ms[39m
[32m[Nest] 19316  - [39m05/02/2026, 3:30:43 AM [32m    LOG[39m [38;5;3m[RouterExplorer] [39m[32mMapped {/api/trips/:tripId/expenses, GET} route[39m[38;5;3m +1ms[39m
[32m[Nest] 19316  - [39m05/02/2026, 3:30:43 AM [32m    LOG[39m [38;5;3m[RouterExplorer] [39m[32mMapped {/api/trips/:tripId/expenses/summary, GET} route[39m[38;5;3m +2ms[39m
[32m[Nest] 19316  - [39m05/02/2026, 3:30:43 AM [32m    LOG[39m [38;5;3m[RouterExplorer] [39m[32mMapped {/api/trips/:tripId/expenses/:id, DELETE} route[39m[38;5;3m +1ms[39m
[32m[Nest] 19316  - [39m05/02/2026, 3:30:43 AM [32m    LOG[39m [38;5;3m[RoutesResolver] [39m[32mSosController {/api/sos}:[39m[38;5;3m +0ms[39m
[32m[Nest] 19316  - [39m05/02/2026, 3:30:43 AM [32m    LOG[39m [38;5;3m[RouterExplorer] [39m[32mMapped {/api/sos/contacts, GET} route[39m[38;5;3m +2ms[39m
[32m[Nest] 19316  - [39m05/02/2026, 3:30:43 AM [32m    LOG[39m [38;5;3m[RouterExplorer] [39m[32mMapped {/api/sos/contacts, POST} route[39m[38;5;3m +1ms[39m
[32m[Nest] 19316  - [39m05/02/2026, 3:30:43 AM [32m    LOG[39m [38;5;3m[RouterExplorer] [39m[32mMapped {/api/sos/contacts/:id, DELETE} route[39m[38;5;3m +1ms[39m
[32m[Nest] 19316  - [39m05/02/2026, 3:30:43 AM [32m    LOG[39m [38;5;3m[RoutesResolver] [39m[32mCollabController {/api/collab}:[39m[38;5;3m +0ms[39m
[32m[Nest] 19316  - [39m05/02/2026, 3:30:43 AM [32m    LOG[39m [38;5;3m[RouterExplorer] [39m[32mMapped {/api/collab, POST} route[39m[38;5;3m +1ms[39m
[32m[Nest] 19316  - [39m05/02/2026, 3:30:43 AM [32m    LOG[39m [38;5;3m[RouterExplorer] [39m[32mMapped {/api/collab, GET} route[39m[38;5;3m +1ms[39m
[32m[Nest] 19316  - [39m05/02/2026, 3:30:43 AM [32m    LOG[39m [38;5;3m[RouterExplorer] [39m[32mMapped {/api/collab/:id, GET} route[39m[38;5;3m +1ms[39m
[32m[Nest] 19316  - [39m05/02/2026, 3:30:43 AM [32m    LOG[39m [38;5;3m[RouterExplorer] [39m[32mMapped {/api/collab/join, POST} route[39m[38;5;3m +0ms[39m
[32m[Nest] 19316  - [39m05/02/2026, 3:30:43 AM [32m    LOG[39m [38;5;3m[RouterExplorer] [39m[32mMapped {/api/collab/:id/expenses, POST} route[39m[38;5;3m +1ms[39m
[32m[Nest] 19316  - [39m05/02/2026, 3:30:43 AM [32m    LOG[39m [38;5;3m[RouterExplorer] [39m[32mMapped {/api/collab/:id/polls, POST} route[39m[38;5;3m +1ms[39m
[32m[Nest] 19316  - [39m05/02/2026, 3:30:43 AM [32m    LOG[39m [38;5;3m[RouterExplorer] [39m[32mMapped {/api/collab/:id/polls/:pollId/vote, POST} route[39m[38;5;3m +1ms[39m
[32m[Nest] 19316  - [39m05/02/2026, 3:30:43 AM [32m    LOG[39m [38;5;3m[NestApplication] [39m[32mNest application successfully started[39m[38;5;3m +14ms[39m
Ruposhi Bangla API → http://localhost:3000/api
