
> backend@0.0.1 start:dev
> nest start --watch

[2J[3J[H[[90m3:12:42 AM[0m] Starting compilation in watch mode...

[96msrc/modules/auth/auth.module.ts[0m:[93m15[0m:[93m22[0m - [91merror[0m[90m TS2322: [0mType 'string' is not assignable to type 'number | StringValue | undefined'.

[7m15[0m       signOptions: { expiresIn: process.env.JWT_EXPIRES_IN || '7d' },
[7m  [0m [91m                     ~~~~~~~~~[0m

[[90m3:12:56 AM[0m] Found 1 error. Watching for file changes.

[2J[3J[H[[90m3:13:19 AM[0m] File change detected. Starting incremental compilation...

[96msrc/modules/auth/auth.module.ts[0m:[93m15[0m:[93m22[0m - [91merror[0m[90m TS2322: [0mType 'string' is not assignable to type 'number | StringValue | undefined'.

[7m15[0m       signOptions: { expiresIn: process.env.JWT_EXPIRES_IN || '7d' },
[7m  [0m [91m                     ~~~~~~~~~[0m

[[90m3:13:20 AM[0m] Found 1 error. Watching for file changes.

[2J[3J[H[[90m3:13:20 AM[0m] File change detected. Starting incremental compilation...

[96msrc/modules/auth/auth.module.ts[0m:[93m15[0m:[93m22[0m - [91merror[0m[90m TS2322: [0mType 'string' is not assignable to type 'number | StringValue | undefined'.

[7m15[0m       signOptions: { expiresIn: process.env.JWT_EXPIRES_IN || '7d' },
[7m  [0m [91m                     ~~~~~~~~~[0m

[[90m3:13:21 AM[0m] Found 1 error. Watching for file changes.

[2J[3J[H[[90m3:13:22 AM[0m] File change detected. Starting incremental compilation...

[96msrc/modules/auth/auth.module.ts[0m:[93m15[0m:[93m22[0m - [91merror[0m[90m TS2322: [0mType 'string' is not assignable to type 'number | StringValue | undefined'.

[7m15[0m       signOptions: { expiresIn: process.env.JWT_EXPIRES_IN || '7d' },
[7m  [0m [91m                     ~~~~~~~~~[0m

[[90m3:13:22 AM[0m] Found 1 error. Watching for file changes.

[2J[3J[H[[90m3:13:26 AM[0m] File change detected. Starting incremental compilation...

[96msrc/modules/auth/auth.module.ts[0m:[93m15[0m:[93m22[0m - [91merror[0m[90m TS2322: [0mType 'string' is not assignable to type 'number | StringValue | undefined'.

[7m15[0m       signOptions: { expiresIn: process.env.JWT_EXPIRES_IN || '7d' },
[7m  [0m [91m                     ~~~~~~~~~[0m

[[90m3:13:27 AM[0m] Found 1 error. Watching for file changes.

[2J[3J[H[[90m3:14:05 AM[0m] File change detected. Starting incremental compilation...

[96msrc/modules/auth/auth.module.ts[0m:[93m15[0m:[93m22[0m - [91merror[0m[90m TS2322: [0mType 'string' is not assignable to type 'number | StringValue | undefined'.

[7m15[0m       signOptions: { expiresIn: process.env.JWT_EXPIRES_IN || '7d' },
[7m  [0m [91m                     ~~~~~~~~~[0m

[[90m3:14:07 AM[0m] Found 1 error. Watching for file changes.

[2J[3J[H[[90m3:14:31 AM[0m] File change detected. Starting incremental compilation...

[[90m3:14:32 AM[0m] Found 0 errors. Watching for file changes.

[32m[Nest] 3636  - [39m05/02/2026, 3:14:48 AM [32m    LOG[39m [38;5;3m[NestFactory] [39m[32mStarting Nest application...[39m
[32m[Nest] 3636  - [39m05/02/2026, 3:14:48 AM [32m    LOG[39m [38;5;3m[InstanceLoader] [39m[32mAppModule dependencies initialized[39m[38;5;3m +213ms[39m
[32m[Nest] 3636  - [39m05/02/2026, 3:14:48 AM [32m    LOG[39m [38;5;3m[InstanceLoader] [39m[32mTypeOrmModule dependencies initialized[39m[38;5;3m +1ms[39m
[32m[Nest] 3636  - [39m05/02/2026, 3:14:48 AM [32m    LOG[39m [38;5;3m[InstanceLoader] [39m[32mPassportModule dependencies initialized[39m[38;5;3m +0ms[39m
[32m[Nest] 3636  - [39m05/02/2026, 3:14:48 AM [32m    LOG[39m [38;5;3m[InstanceLoader] [39m[32mConfigHostModule dependencies initialized[39m[38;5;3m +1ms[39m
[32m[Nest] 3636  - [39m05/02/2026, 3:14:48 AM [32m    LOG[39m [38;5;3m[InstanceLoader] [39m[32mJwtModule dependencies initialized[39m[38;5;3m +1ms[39m
[32m[Nest] 3636  - [39m05/02/2026, 3:14:48 AM [32m    LOG[39m [38;5;3m[InstanceLoader] [39m[32mConfigModule dependencies initialized[39m[38;5;3m +0ms[39m
[32m[Nest] 3636  - [39m05/02/2026, 3:14:49 AM [32m    LOG[39m [38;5;3m[InstanceLoader] [39m[32mTypeOrmCoreModule dependencies initialized[39m[38;5;3m +260ms[39m
[32m[Nest] 3636  - [39m05/02/2026, 3:14:49 AM [32m    LOG[39m [38;5;3m[InstanceLoader] [39m[32mTypeOrmModule dependencies initialized[39m[38;5;3m +1ms[39m
[32m[Nest] 3636  - [39m05/02/2026, 3:14:49 AM [32m    LOG[39m [38;5;3m[InstanceLoader] [39m[32mTypeOrmModule dependencies initialized[39m[38;5;3m +0ms[39m
[32m[Nest] 3636  - [39m05/02/2026, 3:14:49 AM [32m    LOG[39m [38;5;3m[InstanceLoader] [39m[32mTypeOrmModule dependencies initialized[39m[38;5;3m +1ms[39m
[32m[Nest] 3636  - [39m05/02/2026, 3:14:49 AM [32m    LOG[39m [38;5;3m[InstanceLoader] [39m[32mTypeOrmModule dependencies initialized[39m[38;5;3m +0ms[39m
[32m[Nest] 3636  - [39m05/02/2026, 3:14:49 AM [32m    LOG[39m [38;5;3m[InstanceLoader] [39m[32mAuthModule dependencies initialized[39m[38;5;3m +10ms[39m
[32m[Nest] 3636  - [39m05/02/2026, 3:14:49 AM [32m    LOG[39m [38;5;3m[InstanceLoader] [39m[32mUsersModule dependencies initialized[39m[38;5;3m +1ms[39m
[32m[Nest] 3636  - [39m05/02/2026, 3:14:49 AM [32m    LOG[39m [38;5;3m[InstanceLoader] [39m[32mTripsModule dependencies initialized[39m[38;5;3m +1ms[39m
[32m[Nest] 3636  - [39m05/02/2026, 3:14:49 AM [32m    LOG[39m [38;5;3m[InstanceLoader] [39m[32mBudgetModule dependencies initialized[39m[38;5;3m +0ms[39m
[32m[Nest] 3636  - [39m05/02/2026, 3:14:49 AM [32m    LOG[39m [38;5;3m[InstanceLoader] [39m[32mSosModule dependencies initialized[39m[38;5;3m +0ms[39m
[32m[Nest] 3636  - [39m05/02/2026, 3:14:49 AM [32m    LOG[39m [38;5;3m[RoutesResolver] [39m[32mAuthController {/api/auth}:[39m[38;5;3m +177ms[39m
[32m[Nest] 3636  - [39m05/02/2026, 3:14:49 AM [32m    LOG[39m [38;5;3m[RouterExplorer] [39m[32mMapped {/api/auth/register, POST} route[39m[38;5;3m +15ms[39m
[32m[Nest] 3636  - [39m05/02/2026, 3:14:49 AM [32m    LOG[39m [38;5;3m[RouterExplorer] [39m[32mMapped {/api/auth/login, POST} route[39m[38;5;3m +3ms[39m
[32m[Nest] 3636  - [39m05/02/2026, 3:14:49 AM [32m    LOG[39m [38;5;3m[RoutesResolver] [39m[32mUsersController {/api/users}:[39m[38;5;3m +0ms[39m
[32m[Nest] 3636  - [39m05/02/2026, 3:14:49 AM [32m    LOG[39m [38;5;3m[RouterExplorer] [39m[32mMapped {/api/users/me, GET} route[39m[38;5;3m +3ms[39m
[32m[Nest] 3636  - [39m05/02/2026, 3:14:49 AM [32m    LOG[39m [38;5;3m[RouterExplorer] [39m[32mMapped {/api/users/me, PATCH} route[39m[38;5;3m +1ms[39m
[32m[Nest] 3636  - [39m05/02/2026, 3:14:49 AM [32m    LOG[39m [38;5;3m[RoutesResolver] [39m[32mTripsController {/api/trips}:[39m[38;5;3m +1ms[39m
[32m[Nest] 3636  - [39m05/02/2026, 3:14:49 AM [32m    LOG[39m [38;5;3m[RouterExplorer] [39m[32mMapped {/api/trips, POST} route[39m[38;5;3m +1ms[39m
[32m[Nest] 3636  - [39m05/02/2026, 3:14:49 AM [32m    LOG[39m [38;5;3m[RouterExplorer] [39m[32mMapped {/api/trips, GET} route[39m[38;5;3m +1ms[39m
[32m[Nest] 3636  - [39m05/02/2026, 3:14:49 AM [32m    LOG[39m [38;5;3m[RouterExplorer] [39m[32mMapped {/api/trips/:id, GET} route[39m[38;5;3m +2ms[39m
[32m[Nest] 3636  - [39m05/02/2026, 3:14:49 AM [32m    LOG[39m [38;5;3m[RouterExplorer] [39m[32mMapped {/api/trips/:id, PATCH} route[39m[38;5;3m +1ms[39m
[32m[Nest] 3636  - [39m05/02/2026, 3:14:49 AM [32m    LOG[39m [38;5;3m[RouterExplorer] [39m[32mMapped {/api/trips/:id, DELETE} route[39m[38;5;3m +1ms[39m
[32m[Nest] 3636  - [39m05/02/2026, 3:14:49 AM [32m    LOG[39m [38;5;3m[RoutesResolver] [39m[32mBudgetController {/api/trips/:tripId/expenses}:[39m[38;5;3m +1ms[39m
[32m[Nest] 3636  - [39m05/02/2026, 3:14:49 AM [32m    LOG[39m [38;5;3m[RouterExplorer] [39m[32mMapped {/api/trips/:tripId/expenses, POST} route[39m[38;5;3m +3ms[39m
[32m[Nest] 3636  - [39m05/02/2026, 3:14:49 AM [32m    LOG[39m [38;5;3m[RouterExplorer] [39m[32mMapped {/api/trips/:tripId/expenses, GET} route[39m[38;5;3m +3ms[39m
[32m[Nest] 3636  - [39m05/02/2026, 3:14:49 AM [32m    LOG[39m [38;5;3m[RouterExplorer] [39m[32mMapped {/api/trips/:tripId/expenses/summary, GET} route[39m[38;5;3m +1ms[39m
[32m[Nest] 3636  - [39m05/02/2026, 3:14:49 AM [32m    LOG[39m [38;5;3m[RouterExplorer] [39m[32mMapped {/api/trips/:tripId/expenses/:id, DELETE} route[39m[38;5;3m +1ms[39m
[32m[Nest] 3636  - [39m05/02/2026, 3:14:49 AM [32m    LOG[39m [38;5;3m[RoutesResolver] [39m[32mSosController {/api/sos}:[39m[38;5;3m +0ms[39m
[32m[Nest] 3636  - [39m05/02/2026, 3:14:49 AM [32m    LOG[39m [38;5;3m[RouterExplorer] [39m[32mMapped {/api/sos/contacts, GET} route[39m[38;5;3m +1ms[39m
[32m[Nest] 3636  - [39m05/02/2026, 3:14:49 AM [32m    LOG[39m [38;5;3m[RouterExplorer] [39m[32mMapped {/api/sos/contacts, POST} route[39m[38;5;3m +0ms[39m
[32m[Nest] 3636  - [39m05/02/2026, 3:14:49 AM [32m    LOG[39m [38;5;3m[RouterExplorer] [39m[32mMapped {/api/sos/contacts/:id, DELETE} route[39m[38;5;3m +1ms[39m
[32m[Nest] 3636  - [39m05/02/2026, 3:14:49 AM [32m    LOG[39m [38;5;3m[NestApplication] [39m[32mNest application successfully started[39m[38;5;3m +12ms[39m
Ruposhi Bangla API → http://localhost:3000/api
[2J[3J[H[[90m3:15:32 AM[0m] File change detected. Starting incremental compilation...

[[90m3:15:33 AM[0m] Found 0 errors. Watching for file changes.

node:internal/modules/cjs/loader:1479
  throw err;
  ^

Error: Cannot find module 'C:\Users\User\Desktop\AnT\backend\dist\main'
    at Module._resolveFilename (node:internal/modules/cjs/loader:1476:15)
    at wrapResolveFilename (node:internal/modules/cjs/loader:1049:27)
    at defaultResolveImplForCJSLoading (node:internal/modules/cjs/loader:1073:10)
    at resolveForCJSWithHooks (node:internal/modules/cjs/loader:1094:12)
    at Module._load (node:internal/modules/cjs/loader:1262:25)
    at wrapModuleLoad (node:internal/modules/cjs/loader:255:19)
    at Module.executeUserEntryPoint [as runMain] (node:internal/modules/run_main:154:5)
    at node:internal/main/run_main_module:33:47 {
  code: 'MODULE_NOT_FOUND',
  requireStack: []
}

Node.js v24.15.0
[2J[3J[H[[90m3:15:33 AM[0m] File change detected. Starting incremental compilation...

[[90m3:15:34 AM[0m] Found 0 errors. Watching for file changes.

node:internal/modules/cjs/loader:1479
  throw err;
  ^

Error: Cannot find module 'C:\Users\User\Desktop\AnT\backend\dist\main'
    at Module._resolveFilename (node:internal/modules/cjs/loader:1476:15)
    at wrapResolveFilename (node:internal/modules/cjs/loader:1049:27)
    at defaultResolveImplForCJSLoading (node:internal/modules/cjs/loader:1073:10)
    at resolveForCJSWithHooks (node:internal/modules/cjs/loader:1094:12)
    at Module._load (node:internal/modules/cjs/loader:1262:25)
    at wrapModuleLoad (node:internal/modules/cjs/loader:255:19)
    at Module.executeUserEntryPoint [as runMain] (node:internal/modules/run_main:154:5)
    at node:internal/main/run_main_module:33:47 {
  code: 'MODULE_NOT_FOUND',
  requireStack: []
}

Node.js v24.15.0
[2J[3J[H[[90m3:15:37 AM[0m] File change detected. Starting incremental compilation...

[[90m3:15:38 AM[0m] Found 0 errors. Watching for file changes.

node:internal/modules/cjs/loader:1479
  throw err;
  ^

Error: Cannot find module 'C:\Users\User\Desktop\AnT\backend\dist\main'
    at Module._resolveFilename (node:internal/modules/cjs/loader:1476:15)
    at wrapResolveFilename (node:internal/modules/cjs/loader:1049:27)
    at defaultResolveImplForCJSLoading (node:internal/modules/cjs/loader:1073:10)
    at resolveForCJSWithHooks (node:internal/modules/cjs/loader:1094:12)
    at Module._load (node:internal/modules/cjs/loader:1262:25)
    at wrapModuleLoad (node:internal/modules/cjs/loader:255:19)
    at Module.executeUserEntryPoint [as runMain] (node:internal/modules/run_main:154:5)
    at node:internal/main/run_main_module:33:47 {
  code: 'MODULE_NOT_FOUND',
  requireStack: []
}

Node.js v24.15.0
[2J[3J[H[[90m3:15:46 AM[0m] File change detected. Starting incremental compilation...

[[90m3:15:47 AM[0m] Found 0 errors. Watching for file changes.

[2J[3J[H[[90m3:15:48 AM[0m] File change detected. Starting incremental compilation...

[[90m3:15:50 AM[0m] Found 0 errors. Watching for file changes.

[32m[Nest] 16276  - [39m05/02/2026, 3:15:57 AM [32m    LOG[39m [38;5;3m[NestFactory] [39m[32mStarting Nest application...[39m
[32m[Nest] 16276  - [39m05/02/2026, 3:15:57 AM [32m    LOG[39m [38;5;3m[InstanceLoader] [39m[32mAppModule dependencies initialized[39m[38;5;3m +157ms[39m
[32m[Nest] 16276  - [39m05/02/2026, 3:15:57 AM [32m    LOG[39m [38;5;3m[InstanceLoader] [39m[32mTypeOrmModule dependencies initialized[39m[38;5;3m +0ms[39m
[32m[Nest] 16276  - [39m05/02/2026, 3:15:57 AM [32m    LOG[39m [38;5;3m[InstanceLoader] [39m[32mPassportModule dependencies initialized[39m[38;5;3m +1ms[39m
[32m[Nest] 16276  - [39m05/02/2026, 3:15:57 AM [32m    LOG[39m [38;5;3m[InstanceLoader] [39m[32mConfigHostModule dependencies initialized[39m[38;5;3m +0ms[39m
[32m[Nest] 16276  - [39m05/02/2026, 3:15:57 AM [32m    LOG[39m [38;5;3m[InstanceLoader] [39m[32mJwtModule dependencies initialized[39m[38;5;3m +1ms[39m
[32m[Nest] 16276  - [39m05/02/2026, 3:15:57 AM [32m    LOG[39m [38;5;3m[InstanceLoader] [39m[32mConfigModule dependencies initialized[39m[38;5;3m +0ms[39m
[32m[Nest] 16276  - [39m05/02/2026, 3:15:58 AM [32m    LOG[39m [38;5;3m[InstanceLoader] [39m[32mTypeOrmCoreModule dependencies initialized[39m[38;5;3m +202ms[39m
[32m[Nest] 16276  - [39m05/02/2026, 3:15:58 AM [32m    LOG[39m [38;5;3m[InstanceLoader] [39m[32mTypeOrmModule dependencies initialized[39m[38;5;3m +0ms[39m
[32m[Nest] 16276  - [39m05/02/2026, 3:15:58 AM [32m    LOG[39m [38;5;3m[InstanceLoader] [39m[32mTypeOrmModule dependencies initialized[39m[38;5;3m +1ms[39m
[32m[Nest] 16276  - [39m05/02/2026, 3:15:58 AM [32m    LOG[39m [38;5;3m[InstanceLoader] [39m[32mTypeOrmModule dependencies initialized[39m[38;5;3m +0ms[39m
[32m[Nest] 16276  - [39m05/02/2026, 3:15:58 AM [32m    LOG[39m [38;5;3m[InstanceLoader] [39m[32mTypeOrmModule dependencies initialized[39m[38;5;3m +0ms[39m
[32m[Nest] 16276  - [39m05/02/2026, 3:15:58 AM [32m    LOG[39m [38;5;3m[InstanceLoader] [39m[32mAuthModule dependencies initialized[39m[38;5;3m +9ms[39m
[32m[Nest] 16276  - [39m05/02/2026, 3:15:58 AM [32m    LOG[39m [38;5;3m[InstanceLoader] [39m[32mUsersModule dependencies initialized[39m[38;5;3m +1ms[39m
[32m[Nest] 16276  - [39m05/02/2026, 3:15:58 AM [32m    LOG[39m [38;5;3m[InstanceLoader] [39m[32mTripsModule dependencies initialized[39m[38;5;3m +1ms[39m
[32m[Nest] 16276  - [39m05/02/2026, 3:15:58 AM [32m    LOG[39m [38;5;3m[InstanceLoader] [39m[32mBudgetModule dependencies initialized[39m[38;5;3m +0ms[39m
[32m[Nest] 16276  - [39m05/02/2026, 3:15:58 AM [32m    LOG[39m [38;5;3m[InstanceLoader] [39m[32mSosModule dependencies initialized[39m[38;5;3m +0ms[39m
[32m[Nest] 16276  - [39m05/02/2026, 3:15:58 AM [32m    LOG[39m [38;5;3m[RoutesResolver] [39m[32mAuthController {/api/auth}:[39m[38;5;3m +154ms[39m
[32m[Nest] 16276  - [39m05/02/2026, 3:15:58 AM [32m    LOG[39m [38;5;3m[RouterExplorer] [39m[32mMapped {/api/auth/register, POST} route[39m[38;5;3m +16ms[39m
[32m[Nest] 16276  - [39m05/02/2026, 3:15:58 AM [32m    LOG[39m [38;5;3m[RouterExplorer] [39m[32mMapped {/api/auth/login, POST} route[39m[38;5;3m +1ms[39m
[32m[Nest] 16276  - [39m05/02/2026, 3:15:58 AM [32m    LOG[39m [38;5;3m[RoutesResolver] [39m[32mUsersController {/api/users}:[39m[38;5;3m +0ms[39m
[32m[Nest] 16276  - [39m05/02/2026, 3:15:58 AM [32m    LOG[39m [38;5;3m[RouterExplorer] [39m[32mMapped {/api/users/me, GET} route[39m[38;5;3m +3ms[39m
[32m[Nest] 16276  - [39m05/02/2026, 3:15:58 AM [32m    LOG[39m [38;5;3m[RouterExplorer] [39m[32mMapped {/api/users/me, PATCH} route[39m[38;5;3m +2ms[39m
[32m[Nest] 16276  - [39m05/02/2026, 3:15:58 AM [32m    LOG[39m [38;5;3m[RoutesResolver] [39m[32mTripsController {/api/trips}:[39m[38;5;3m +0ms[39m
[32m[Nest] 16276  - [39m05/02/2026, 3:15:58 AM [32m    LOG[39m [38;5;3m[RouterExplorer] [39m[32mMapped {/api/trips, POST} route[39m[38;5;3m +2ms[39m
[32m[Nest] 16276  - [39m05/02/2026, 3:15:58 AM [32m    LOG[39m [38;5;3m[RouterExplorer] [39m[32mMapped {/api/trips, GET} route[39m[38;5;3m +1ms[39m
[32m[Nest] 16276  - [39m05/02/2026, 3:15:58 AM [32m    LOG[39m [38;5;3m[RouterExplorer] [39m[32mMapped {/api/trips/:id, GET} route[39m[38;5;3m +2ms[39m
[32m[Nest] 16276  - [39m05/02/2026, 3:15:58 AM [32m    LOG[39m [38;5;3m[RouterExplorer] [39m[32mMapped {/api/trips/:id, PATCH} route[39m[38;5;3m +1ms[39m
[32m[Nest] 16276  - [39m05/02/2026, 3:15:58 AM [32m    LOG[39m [38;5;3m[RouterExplorer] [39m[32mMapped {/api/trips/:id, DELETE} route[39m[38;5;3m +1ms[39m
[32m[Nest] 16276  - [39m05/02/2026, 3:15:58 AM [32m    LOG[39m [38;5;3m[RoutesResolver] [39m[32mBudgetController {/api/trips/:tripId/expenses}:[39m[38;5;3m +1ms[39m
[32m[Nest] 16276  - [39m05/02/2026, 3:15:58 AM [32m    LOG[39m [38;5;3m[RouterExplorer] [39m[32mMapped {/api/trips/:tripId/expenses, POST} route[39m[38;5;3m +2ms[39m
[32m[Nest] 16276  - [39m05/02/2026, 3:15:58 AM [32m    LOG[39m [38;5;3m[RouterExplorer] [39m[32mMapped {/api/trips/:tripId/expenses, GET} route[39m[38;5;3m +1ms[39m
[32m[Nest] 16276  - [39m05/02/2026, 3:15:58 AM [32m    LOG[39m [38;5;3m[RouterExplorer] [39m[32mMapped {/api/trips/:tripId/expenses/summary, GET} route[39m[38;5;3m +0ms[39m
[32m[Nest] 16276  - [39m05/02/2026, 3:15:58 AM [32m    LOG[39m [38;5;3m[RouterExplorer] [39m[32mMapped {/api/trips/:tripId/expenses/:id, DELETE} route[39m[38;5;3m +1ms[39m
[32m[Nest] 16276  - [39m05/02/2026, 3:15:58 AM [32m    LOG[39m [38;5;3m[RoutesResolver] [39m[32mSosController {/api/sos}:[39m[38;5;3m +1ms[39m
[32m[Nest] 16276  - [39m05/02/2026, 3:15:58 AM [32m    LOG[39m [38;5;3m[RouterExplorer] [39m[32mMapped {/api/sos/contacts, GET} route[39m[38;5;3m +1ms[39m
[32m[Nest] 16276  - [39m05/02/2026, 3:15:58 AM [32m    LOG[39m [38;5;3m[RouterExplorer] [39m[32mMapped {/api/sos/contacts, POST} route[39m[38;5;3m +1ms[39m
[32m[Nest] 16276  - [39m05/02/2026, 3:15:58 AM [32m    LOG[39m [38;5;3m[RouterExplorer] [39m[32mMapped {/api/sos/contacts/:id, DELETE} route[39m[38;5;3m +0ms[39m
[32m[Nest] 16276  - [39m05/02/2026, 3:15:58 AM [32m    LOG[39m [38;5;3m[NestApplication] [39m[32mNest application successfully started[39m[38;5;3m +12ms[39m
[31m[Nest] 16276  - [39m05/02/2026, 3:15:58 AM [31m  ERROR[39m [38;5;3m[NestApplication] [39m[31mError: listen EADDRINUSE: address already in use :::3000[39m[38;5;3m +11ms[39m
node:net:2008
    const ex = new UVExceptionWithHostPort(err, 'listen', address, port);
               ^

Error: listen EADDRINUSE: address already in use :::3000
    at Server.setupListenHandle [as _listen2] (node:net:2008:16)
    at listenInCluster (node:net:2065:12)
    at Server.listen (node:net:2170:7)
    at ExpressAdapter.listen (C:\Users\User\Desktop\AnT\backend\node_modules\@nestjs\platform-express\adapters\express-adapter.js:115:32)
    at C:\Users\User\Desktop\AnT\backend\node_modules\@nestjs\core\nest-application.js:188:30
    at new Promise (<anonymous>)
    at NestApplication.listen (C:\Users\User\Desktop\AnT\backend\node_modules\@nestjs\core\nest-application.js:178:16)
    at async bootstrap (C:\Users\User\Desktop\AnT\backend\src\main.ts:11:3) {
  code: 'EADDRINUSE',
  errno: -4091,
  syscall: 'listen',
  address: '::',
  port: 3000
}

Node.js v24.15.0
[2J[3J[H[[90m3:29:23 AM[0m] File change detected. Starting incremental compilation...

[96msrc/entities/collab-group.entity.ts[0m:[93m6[0m:[93m30[0m - [91merror[0m[90m TS2307: [0mCannot find module './collab-member.entity' or its corresponding type declarations.

[7m6[0m import { CollabMember } from './collab-member.entity';
[7m [0m [91m                             ~~~~~~~~~~~~~~~~~~~~~~~~[0m

[96msrc/entities/collab-group.entity.ts[0m:[93m7[0m:[93m31[0m - [91merror[0m[90m TS2307: [0mCannot find module './collab-expense.entity' or its corresponding type declarations.

[7m7[0m import { CollabExpense } from './collab-expense.entity';
[7m [0m [91m                              ~~~~~~~~~~~~~~~~~~~~~~~~~[0m

[96msrc/entities/collab-group.entity.ts[0m:[93m8[0m:[93m28[0m - [91merror[0m[90m TS2307: [0mCannot find module './collab-poll.entity' or its corresponding type declarations.

[7m8[0m import { CollabPoll } from './collab-poll.entity';
[7m [0m [91m                           ~~~~~~~~~~~~~~~~~~~~~~[0m

[96msrc/entities/collab-group.entity.ts[0m:[93m28[0m:[93m41[0m - [91merror[0m[90m TS18046: [0m'm' is of type 'unknown'.

[7m28[0m   @OneToMany(() => CollabMember, (m) => m.group, { cascade: true })
[7m  [0m [91m                                        ~[0m

[96msrc/entities/collab-group.entity.ts[0m:[93m31[0m:[93m42[0m - [91merror[0m[90m TS18046: [0m'e' is of type 'unknown'.

[7m31[0m   @OneToMany(() => CollabExpense, (e) => e.group, { cascade: true })
[7m  [0m [91m                                         ~[0m

[96msrc/entities/collab-group.entity.ts[0m:[93m34[0m:[93m39[0m - [91merror[0m[90m TS18046: [0m'p' is of type 'unknown'.

[7m34[0m   @OneToMany(() => CollabPoll, (p) => p.group, { cascade: true })
[7m  [0m [91m                                      ~[0m

[[90m3:29:26 AM[0m] Found 6 errors. Watching for file changes.

[2J[3J[H[[90m3:29:27 AM[0m] File change detected. Starting incremental compilation...

[96msrc/entities/collab-group.entity.ts[0m:[93m6[0m:[93m30[0m - [91merror[0m[90m TS2307: [0mCannot find module './collab-member.entity' or its corresponding type declarations.

[7m6[0m import { CollabMember } from './collab-member.entity';
[7m [0m [91m                             ~~~~~~~~~~~~~~~~~~~~~~~~[0m

[96msrc/entities/collab-group.entity.ts[0m:[93m7[0m:[93m31[0m - [91merror[0m[90m TS2307: [0mCannot find module './collab-expense.entity' or its corresponding type declarations.

[7m7[0m import { CollabExpense } from './collab-expense.entity';
[7m [0m [91m                              ~~~~~~~~~~~~~~~~~~~~~~~~~[0m

[96msrc/entities/collab-group.entity.ts[0m:[93m8[0m:[93m28[0m - [91merror[0m[90m TS2307: [0mCannot find module './collab-poll.entity' or its corresponding type declarations.

[7m8[0m import { CollabPoll } from './collab-poll.entity';
[7m [0m [91m                           ~~~~~~~~~~~~~~~~~~~~~~[0m

[96msrc/entities/collab-group.entity.ts[0m:[93m28[0m:[93m41[0m - [91merror[0m[90m TS18046: [0m'm' is of type 'unknown'.

[7m28[0m   @OneToMany(() => CollabMember, (m) => m.group, { cascade: true })
[7m  [0m [91m                                        ~[0m

[96msrc/entities/collab-group.entity.ts[0m:[93m31[0m:[93m42[0m - [91merror[0m[90m TS18046: [0m'e' is of type 'unknown'.

[7m31[0m   @OneToMany(() => CollabExpense, (e) => e.group, { cascade: true })
[7m  [0m [91m                                         ~[0m

[96msrc/entities/collab-group.entity.ts[0m:[93m34[0m:[93m39[0m - [91merror[0m[90m TS18046: [0m'p' is of type 'unknown'.

[7m34[0m   @OneToMany(() => CollabPoll, (p) => p.group, { cascade: true })
[7m  [0m [91m                                      ~[0m

[[90m3:29:27 AM[0m] Found 6 errors. Watching for file changes.

[2J[3J[H[[90m3:29:29 AM[0m] File change detected. Starting incremental compilation...

[96msrc/entities/collab-group.entity.ts[0m:[93m7[0m:[93m31[0m - [91merror[0m[90m TS2307: [0mCannot find module './collab-expense.entity' or its corresponding type declarations.

[7m7[0m import { CollabExpense } from './collab-expense.entity';
[7m [0m [91m                              ~~~~~~~~~~~~~~~~~~~~~~~~~[0m

[96msrc/entities/collab-group.entity.ts[0m:[93m8[0m:[93m28[0m - [91merror[0m[90m TS2307: [0mCannot find module './collab-poll.entity' or its corresponding type declarations.

[7m8[0m import { CollabPoll } from './collab-poll.entity';
[7m [0m [91m                           ~~~~~~~~~~~~~~~~~~~~~~[0m

[96msrc/entities/collab-group.entity.ts[0m:[93m31[0m:[93m42[0m - [91merror[0m[90m TS18046: [0m'e' is of type 'unknown'.

[7m31[0m   @OneToMany(() => CollabExpense, (e) => e.group, { cascade: true })
[7m  [0m [91m                                         ~[0m

[96msrc/entities/collab-group.entity.ts[0m:[93m34[0m:[93m39[0m - [91merror[0m[90m TS18046: [0m'p' is of type 'unknown'.

[7m34[0m   @OneToMany(() => CollabPoll, (p) => p.group, { cascade: true })
[7m  [0m [91m                                      ~[0m

[[90m3:29:30 AM[0m] Found 4 errors. Watching for file changes.

[2J[3J[H[[90m3:29:35 AM[0m] File change detected. Starting incremental compilation...

[96msrc/entities/collab-group.entity.ts[0m:[93m8[0m:[93m28[0m - [91merror[0m[90m TS2307: [0mCannot find module './collab-poll.entity' or its corresponding type declarations.

[7m8[0m import { CollabPoll } from './collab-poll.entity';
[7m [0m [91m                           ~~~~~~~~~~~~~~~~~~~~~~[0m

[96msrc/entities/collab-group.entity.ts[0m:[93m34[0m:[93m39[0m - [91merror[0m[90m TS18046: [0m'p' is of type 'unknown'.

[7m34[0m   @OneToMany(() => CollabPoll, (p) => p.group, { cascade: true })
[7m  [0m [91m                                      ~[0m

[[90m3:29:36 AM[0m] Found 2 errors. Watching for file changes.

[2J[3J[H[[90m3:29:40 AM[0m] File change detected. Starting incremental compilation...

[[90m3:29:41 AM[0m] Found 0 errors. Watching for file changes.

[2J[3J[H[[90m3:29:42 AM[0m] File change detected. Starting incremental compilation...

[[90m3:29:45 AM[0m] Found 0 errors. Watching for file changes.

[2J[3J[H[[90m3:29:51 AM[0m] File change detected. Starting incremental compilation...

[[90m3:29:54 AM[0m] Found 0 errors. Watching for file changes.

[32m[Nest] 7780  - [39m05/02/2026, 3:30:02 AM [32m    LOG[39m [38;5;3m[NestFactory] [39m[32mStarting Nest application...[39m
[32m[Nest] 7780  - [39m05/02/2026, 3:30:02 AM [32m    LOG[39m [38;5;3m[InstanceLoader] [39m[32mAppModule dependencies initialized[39m[38;5;3m +142ms[39m
[32m[Nest] 7780  - [39m05/02/2026, 3:30:02 AM [32m    LOG[39m [38;5;3m[InstanceLoader] [39m[32mTypeOrmModule dependencies initialized[39m[38;5;3m +1ms[39m
[32m[Nest] 7780  - [39m05/02/2026, 3:30:02 AM [32m    LOG[39m [38;5;3m[InstanceLoader] [39m[32mPassportModule dependencies initialized[39m[38;5;3m +0ms[39m
[32m[Nest] 7780  - [39m05/02/2026, 3:30:02 AM [32m    LOG[39m [38;5;3m[InstanceLoader] [39m[32mConfigHostModule dependencies initialized[39m[38;5;3m +1ms[39m
[32m[Nest] 7780  - [39m05/02/2026, 3:30:02 AM [32m    LOG[39m [38;5;3m[InstanceLoader] [39m[32mJwtModule dependencies initialized[39m[38;5;3m +0ms[39m
[32m[Nest] 7780  - [39m05/02/2026, 3:30:02 AM [32m    LOG[39m [38;5;3m[InstanceLoader] [39m[32mConfigModule dependencies initialized[39m[38;5;3m +1ms[39m
[32m[Nest] 7780  - [39m05/02/2026, 3:30:02 AM [32m    LOG[39m [38;5;3m[InstanceLoader] [39m[32mTypeOrmCoreModule dependencies initialized[39m[38;5;3m +102ms[39m
[32m[Nest] 7780  - [39m05/02/2026, 3:30:02 AM [32m    LOG[39m [38;5;3m[InstanceLoader] [39m[32mTypeOrmModule dependencies initialized[39m[38;5;3m +0ms[39m
[32m[Nest] 7780  - [39m05/02/2026, 3:30:02 AM [32m    LOG[39m [38;5;3m[InstanceLoader] [39m[32mTypeOrmModule dependencies initialized[39m[38;5;3m +0ms[39m
[32m[Nest] 7780  - [39m05/02/2026, 3:30:02 AM [32m    LOG[39m [38;5;3m[InstanceLoader] [39m[32mTypeOrmModule dependencies initialized[39m[38;5;3m +1ms[39m
[32m[Nest] 7780  - [39m05/02/2026, 3:30:02 AM [32m    LOG[39m [38;5;3m[InstanceLoader] [39m[32mTypeOrmModule dependencies initialized[39m[38;5;3m +0ms[39m
[32m[Nest] 7780  - [39m05/02/2026, 3:30:02 AM [32m    LOG[39m [38;5;3m[InstanceLoader] [39m[32mAuthModule dependencies initialized[39m[38;5;3m +8ms[39m
[32m[Nest] 7780  - [39m05/02/2026, 3:30:02 AM [32m    LOG[39m [38;5;3m[InstanceLoader] [39m[32mUsersModule dependencies initialized[39m[38;5;3m +1ms[39m
[32m[Nest] 7780  - [39m05/02/2026, 3:30:02 AM [32m    LOG[39m [38;5;3m[InstanceLoader] [39m[32mTripsModule dependencies initialized[39m[38;5;3m +0ms[39m
[32m[Nest] 7780  - [39m05/02/2026, 3:30:02 AM [32m    LOG[39m [38;5;3m[InstanceLoader] [39m[32mBudgetModule dependencies initialized[39m[38;5;3m +1ms[39m
[32m[Nest] 7780  - [39m05/02/2026, 3:30:02 AM [32m    LOG[39m [38;5;3m[InstanceLoader] [39m[32mSosModule dependencies initialized[39m[38;5;3m +0ms[39m
[32m[Nest] 7780  - [39m05/02/2026, 3:30:02 AM [32m    LOG[39m [38;5;3m[RoutesResolver] [39m[32mAuthController {/api/auth}:[39m[38;5;3m +175ms[39m
[32m[Nest] 7780  - [39m05/02/2026, 3:30:02 AM [32m    LOG[39m [38;5;3m[RouterExplorer] [39m[32mMapped {/api/auth/register, POST} route[39m[38;5;3m +13ms[39m
[32m[Nest] 7780  - [39m05/02/2026, 3:30:02 AM [32m    LOG[39m [38;5;3m[RouterExplorer] [39m[32mMapped {/api/auth/login, POST} route[39m[38;5;3m +1ms[39m
[32m[Nest] 7780  - [39m05/02/2026, 3:30:02 AM [32m    LOG[39m [38;5;3m[RoutesResolver] [39m[32mUsersController {/api/users}:[39m[38;5;3m +0ms[39m
[32m[Nest] 7780  - [39m05/02/2026, 3:30:02 AM [32m    LOG[39m [38;5;3m[RouterExplorer] [39m[32mMapped {/api/users/me, GET} route[39m[38;5;3m +3ms[39m
[32m[Nest] 7780  - [39m05/02/2026, 3:30:02 AM [32m    LOG[39m [38;5;3m[RouterExplorer] [39m[32mMapped {/api/users/me, PATCH} route[39m[38;5;3m +3ms[39m
[32m[Nest] 7780  - [39m05/02/2026, 3:30:02 AM [32m    LOG[39m [38;5;3m[RoutesResolver] [39m[32mTripsController {/api/trips}:[39m[38;5;3m +0ms[39m
[32m[Nest] 7780  - [39m05/02/2026, 3:30:02 AM [32m    LOG[39m [38;5;3m[RouterExplorer] [39m[32mMapped {/api/trips, POST} route[39m[38;5;3m +1ms[39m
[32m[Nest] 7780  - [39m05/02/2026, 3:30:02 AM [32m    LOG[39m [38;5;3m[RouterExplorer] [39m[32mMapped {/api/trips, GET} route[39m[38;5;3m +1ms[39m
[32m[Nest] 7780  - [39m05/02/2026, 3:30:02 AM [32m    LOG[39m [38;5;3m[RouterExplorer] [39m[32mMapped {/api/trips/:id, GET} route[39m[38;5;3m +3ms[39m
[32m[Nest] 7780  - [39m05/02/2026, 3:30:02 AM [32m    LOG[39m [38;5;3m[RouterExplorer] [39m[32mMapped {/api/trips/:id, PATCH} route[39m[38;5;3m +1ms[39m
[32m[Nest] 7780  - [39m05/02/2026, 3:30:02 AM [32m    LOG[39m [38;5;3m[RouterExplorer] [39m[32mMapped {/api/trips/:id, DELETE} route[39m[38;5;3m +1ms[39m
[32m[Nest] 7780  - [39m05/02/2026, 3:30:02 AM [32m    LOG[39m [38;5;3m[RoutesResolver] [39m[32mBudgetController {/api/trips/:tripId/expenses}:[39m[38;5;3m +1ms[39m
[32m[Nest] 7780  - [39m05/02/2026, 3:30:02 AM [32m    LOG[39m [38;5;3m[RouterExplorer] [39m[32mMapped {/api/trips/:tripId/expenses, POST} route[39m[38;5;3m +2ms[39m
[32m[Nest] 7780  - [39m05/02/2026, 3:30:02 AM [32m    LOG[39m [38;5;3m[RouterExplorer] [39m[32mMapped {/api/trips/:tripId/expenses, GET} route[39m[38;5;3m +1ms[39m
[32m[Nest] 7780  - [39m05/02/2026, 3:30:02 AM [32m    LOG[39m [38;5;3m[RouterExplorer] [39m[32mMapped {/api/trips/:tripId/expenses/summary, GET} route[39m[38;5;3m +1ms[39m
[32m[Nest] 7780  - [39m05/02/2026, 3:30:02 AM [32m    LOG[39m [38;5;3m[RouterExplorer] [39m[32mMapped {/api/trips/:tripId/expenses/:id, DELETE} route[39m[38;5;3m +1ms[39m
[32m[Nest] 7780  - [39m05/02/2026, 3:30:02 AM [32m    LOG[39m [38;5;3m[RoutesResolver] [39m[32mSosController {/api/sos}:[39m[38;5;3m +0ms[39m
[32m[Nest] 7780  - [39m05/02/2026, 3:30:02 AM [32m    LOG[39m [38;5;3m[RouterExplorer] [39m[32mMapped {/api/sos/contacts, GET} route[39m[38;5;3m +1ms[39m
[32m[Nest] 7780  - [39m05/02/2026, 3:30:02 AM [32m    LOG[39m [38;5;3m[RouterExplorer] [39m[32mMapped {/api/sos/contacts, POST} route[39m[38;5;3m +1ms[39m
[32m[Nest] 7780  - [39m05/02/2026, 3:30:02 AM [32m    LOG[39m [38;5;3m[RouterExplorer] [39m[32mMapped {/api/sos/contacts/:id, DELETE} route[39m[38;5;3m +1ms[39m
[32m[Nest] 7780  - [39m05/02/2026, 3:30:02 AM [32m    LOG[39m [38;5;3m[NestApplication] [39m[32mNest application successfully started[39m[38;5;3m +11ms[39m
[31m[Nest] 7780  - [39m05/02/2026, 3:30:02 AM [31m  ERROR[39m [38;5;3m[NestApplication] [39m[31mError: listen EADDRINUSE: address already in use :::3000[39m[38;5;3m +9ms[39m
node:net:2008
    const ex = new UVExceptionWithHostPort(err, 'listen', address, port);
               ^

Error: listen EADDRINUSE: address already in use :::3000
    at Server.setupListenHandle [as _listen2] (node:net:2008:16)
    at listenInCluster (node:net:2065:12)
    at Server.listen (node:net:2170:7)
    at ExpressAdapter.listen (C:\Users\User\Desktop\AnT\backend\node_modules\@nestjs\platform-express\adapters\express-adapter.js:115:32)
    at C:\Users\User\Desktop\AnT\backend\node_modules\@nestjs\core\nest-application.js:188:30
    at new Promise (<anonymous>)
    at NestApplication.listen (C:\Users\User\Desktop\AnT\backend\node_modules\@nestjs\core\nest-application.js:178:16)
    at async bootstrap (C:\Users\User\Desktop\AnT\backend\src\main.ts:11:3) {
  code: 'EADDRINUSE',
  errno: -4091,
  syscall: 'listen',
  address: '::',
  port: 3000
}

Node.js v24.15.0
[2J[3J[H[[90m3:30:07 AM[0m] File change detected. Starting incremental compilation...

[[90m3:30:08 AM[0m] Found 0 errors. Watching for file changes.

[32m[Nest] 8600  - [39m05/02/2026, 3:30:15 AM [32m    LOG[39m [38;5;3m[NestFactory] [39m[32mStarting Nest application...[39m
[2J[3J[H[[90m3:30:15 AM[0m] File change detected. Starting incremental compilation...

[32m[Nest] 8600  - [39m05/02/2026, 3:30:15 AM [32m    LOG[39m [38;5;3m[InstanceLoader] [39m[32mAppModule dependencies initialized[39m[38;5;3m +290ms[39m
[32m[Nest] 8600  - [39m05/02/2026, 3:30:15 AM [32m    LOG[39m [38;5;3m[InstanceLoader] [39m[32mTypeOrmModule dependencies initialized[39m[38;5;3m +1ms[39m
[32m[Nest] 8600  - [39m05/02/2026, 3:30:15 AM [32m    LOG[39m [38;5;3m[InstanceLoader] [39m[32mPassportModule dependencies initialized[39m[38;5;3m +0ms[39m
[32m[Nest] 8600  - [39m05/02/2026, 3:30:15 AM [32m    LOG[39m [38;5;3m[InstanceLoader] [39m[32mConfigHostModule dependencies initialized[39m[38;5;3m +1ms[39m
[32m[Nest] 8600  - [39m05/02/2026, 3:30:15 AM [32m    LOG[39m [38;5;3m[InstanceLoader] [39m[32mJwtModule dependencies initialized[39m[38;5;3m +0ms[39m
[32m[Nest] 8600  - [39m05/02/2026, 3:30:15 AM [32m    LOG[39m [38;5;3m[InstanceLoader] [39m[32mConfigModule dependencies initialized[39m[38;5;3m +0ms[39m
[32m[Nest] 8600  - [39m05/02/2026, 3:30:15 AM [32m    LOG[39m [38;5;3m[InstanceLoader] [39m[32mTypeOrmCoreModule dependencies initialized[39m[38;5;3m +229ms[39m
[32m[Nest] 8600  - [39m05/02/2026, 3:30:15 AM [32m    LOG[39m [38;5;3m[InstanceLoader] [39m[32mTypeOrmModule dependencies initialized[39m[38;5;3m +0ms[39m
[32m[Nest] 8600  - [39m05/02/2026, 3:30:15 AM [32m    LOG[39m [38;5;3m[InstanceLoader] [39m[32mTypeOrmModule dependencies initialized[39m[38;5;3m +1ms[39m
[32m[Nest] 8600  - [39m05/02/2026, 3:30:15 AM [32m    LOG[39m [38;5;3m[InstanceLoader] [39m[32mTypeOrmModule dependencies initialized[39m[38;5;3m +0ms[39m
[32m[Nest] 8600  - [39m05/02/2026, 3:30:15 AM [32m    LOG[39m [38;5;3m[InstanceLoader] [39m[32mTypeOrmModule dependencies initialized[39m[38;5;3m +0ms[39m
[32m[Nest] 8600  - [39m05/02/2026, 3:30:15 AM [32m    LOG[39m [38;5;3m[InstanceLoader] [39m[32mAuthModule dependencies initialized[39m[38;5;3m +8ms[39m
[32m[Nest] 8600  - [39m05/02/2026, 3:30:15 AM [32m    LOG[39m [38;5;3m[InstanceLoader] [39m[32mUsersModule dependencies initialized[39m[38;5;3m +1ms[39m
[32m[Nest] 8600  - [39m05/02/2026, 3:30:15 AM [32m    LOG[39m [38;5;3m[InstanceLoader] [39m[32mTripsModule dependencies initialized[39m[38;5;3m +0ms[39m
[32m[Nest] 8600  - [39m05/02/2026, 3:30:15 AM [32m    LOG[39m [38;5;3m[InstanceLoader] [39m[32mBudgetModule dependencies initialized[39m[38;5;3m +1ms[39m
[32m[Nest] 8600  - [39m05/02/2026, 3:30:15 AM [32m    LOG[39m [38;5;3m[InstanceLoader] [39m[32mSosModule dependencies initialized[39m[38;5;3m +0ms[39m
[32m[Nest] 8600  - [39m05/02/2026, 3:30:16 AM [32m    LOG[39m [38;5;3m[RoutesResolver] [39m[32mAuthController {/api/auth}:[39m[38;5;3m +373ms[39m
[32m[Nest] 8600  - [39m05/02/2026, 3:30:16 AM [32m    LOG[39m [38;5;3m[RouterExplorer] [39m[32mMapped {/api/auth/register, POST} route[39m[38;5;3m +26ms[39m
[32m[Nest] 8600  - [39m05/02/2026, 3:30:16 AM [32m    LOG[39m [38;5;3m[RouterExplorer] [39m[32mMapped {/api/auth/login, POST} route[39m[38;5;3m +1ms[39m
[32m[Nest] 8600  - [39m05/02/2026, 3:30:16 AM [32m    LOG[39m [38;5;3m[RoutesResolver] [39m[32mUsersController {/api/users}:[39m[38;5;3m +1ms[39m
[32m[Nest] 8600  - [39m05/02/2026, 3:30:16 AM [32m    LOG[39m [38;5;3m[RouterExplorer] [39m[32mMapped {/api/users/me, GET} route[39m[38;5;3m +2ms[39m
[32m[Nest] 8600  - [39m05/02/2026, 3:30:16 AM [32m    LOG[39m [38;5;3m[RouterExplorer] [39m[32mMapped {/api/users/me, PATCH} route[39m[38;5;3m +2ms[39m
[32m[Nest] 8600  - [39m05/02/2026, 3:30:16 AM [32m    LOG[39m [38;5;3m[RoutesResolver] [39m[32mTripsController {/api/trips}:[39m[38;5;3m +0ms[39m
[32m[Nest] 8600  - [39m05/02/2026, 3:30:16 AM [32m    LOG[39m [38;5;3m[RouterExplorer] [39m[32mMapped {/api/trips, POST} route[39m[38;5;3m +1ms[39m
[32m[Nest] 8600  - [39m05/02/2026, 3:30:16 AM [32m    LOG[39m [38;5;3m[RouterExplorer] [39m[32mMapped {/api/trips, GET} route[39m[38;5;3m +2ms[39m
[32m[Nest] 8600  - [39m05/02/2026, 3:30:16 AM [32m    LOG[39m [38;5;3m[RouterExplorer] [39m[32mMapped {/api/trips/:id, GET} route[39m[38;5;3m +2ms[39m
[32m[Nest] 8600  - [39m05/02/2026, 3:30:16 AM [32m    LOG[39m [38;5;3m[RouterExplorer] [39m[32mMapped {/api/trips/:id, PATCH} route[39m[38;5;3m +1ms[39m
[32m[Nest] 8600  - [39m05/02/2026, 3:30:16 AM [32m    LOG[39m [38;5;3m[RouterExplorer] [39m[32mMapped {/api/trips/:id, DELETE} route[39m[38;5;3m +2ms[39m
[32m[Nest] 8600  - [39m05/02/2026, 3:30:16 AM [32m    LOG[39m [38;5;3m[RoutesResolver] [39m[32mBudgetController {/api/trips/:tripId/expenses}:[39m[38;5;3m +0ms[39m
[32m[Nest] 8600  - [39m05/02/2026, 3:30:16 AM [32m    LOG[39m [38;5;3m[RouterExplorer] [39m[32mMapped {/api/trips/:tripId/expenses, POST} route[39m[38;5;3m +2ms[39m
[32m[Nest] 8600  - [39m05/02/2026, 3:30:16 AM [32m    LOG[39m [38;5;3m[RouterExplorer] [39m[32mMapped {/api/trips/:tripId/expenses, GET} route[39m[38;5;3m +1ms[39m
[32m[Nest] 8600  - [39m05/02/2026, 3:30:16 AM [32m    LOG[39m [38;5;3m[RouterExplorer] [39m[32mMapped {/api/trips/:tripId/expenses/summary, GET} route[39m[38;5;3m +1ms[39m
[32m[Nest] 8600  - [39m05/02/2026, 3:30:16 AM [32m    LOG[39m [38;5;3m[RouterExplorer] [39m[32mMapped {/api/trips/:tripId/expenses/:id, DELETE} route[39m[38;5;3m +1ms[39m
[32m[Nest] 8600  - [39m05/02/2026, 3:30:16 AM [32m    LOG[39m [38;5;3m[RoutesResolver] [39m[32mSosController {/api/sos}:[39m[38;5;3m +1ms[39m
[32m[Nest] 8600  - [39m05/02/2026, 3:30:16 AM [32m    LOG[39m [38;5;3m[RouterExplorer] [39m[32mMapped {/api/sos/contacts, GET} route[39m[38;5;3m +1ms[39m
[32m[Nest] 8600  - [39m05/02/2026, 3:30:16 AM [32m    LOG[39m [38;5;3m[RouterExplorer] [39m[32mMapped {/api/sos/contacts, POST} route[39m[38;5;3m +0ms[39m
[32m[Nest] 8600  - [39m05/02/2026, 3:30:16 AM [32m    LOG[39m [38;5;3m[RouterExplorer] [39m[32mMapped {/api/sos/contacts/:id, DELETE} route[39m[38;5;3m +1ms[39m
[32m[Nest] 8600  - [39m05/02/2026, 3:30:16 AM [32m    LOG[39m [38;5;3m[NestApplication] [39m[32mNest application successfully started[39m[38;5;3m +47ms[39m
[31m[Nest] 8600  - [39m05/02/2026, 3:30:16 AM [31m  ERROR[39m [38;5;3m[NestApplication] [39m[31mError: listen EADDRINUSE: address already in use :::3000[39m[38;5;3m +14ms[39m
node:net:2008
    const ex = new UVExceptionWithHostPort(err, 'listen', address, port);
               ^

Error: listen EADDRINUSE: address already in use :::3000
    at Server.setupListenHandle [as _listen2] (node:net:2008:16)
    at listenInCluster (node:net:2065:12)
    at Server.listen (node:net:2170:7)
    at ExpressAdapter.listen (C:\Users\User\Desktop\AnT\backend\node_modules\@nestjs\platform-express\adapters\express-adapter.js:115:32)
    at C:\Users\User\Desktop\AnT\backend\node_modules\@nestjs\core\nest-application.js:188:30
    at new Promise (<anonymous>)
    at NestApplication.listen (C:\Users\User\Desktop\AnT\backend\node_modules\@nestjs\core\nest-application.js:178:16)
    at async bootstrap (C:\Users\User\Desktop\AnT\backend\src\main.ts:11:3) {
  code: 'EADDRINUSE',
  errno: -4091,
  syscall: 'listen',
  address: '::',
  port: 3000
}

Node.js v24.15.0
ERROR: The process "8308" not found.
ERROR: The process "8308" not found.
node:child_process:1000
    throw err;
    ^

Error: Command failed: taskkill /pid 8308 /T /F
ERROR: The process "8308" not found.

    at genericNodeError (node:internal/errors:985:15)
    at wrappedFn (node:internal/errors:539:14)
    at checkExecSyncError (node:child_process:925:11)
    at execSync (node:child_process:997:15)
    at treeKillSync (C:\Users\User\Desktop\AnT\backend\node_modules\@nestjs\cli\lib\utils\tree-kill.js:7:38)
    at C:\Users\User\Desktop\AnT\backend\node_modules\@nestjs\cli\actions\start.action.js:69:46
    at Object.onWatchStatusChange (C:\Users\User\Desktop\AnT\backend\node_modules\@nestjs\cli\lib\compiler\watch-compiler.js:82:17)
    at C:\Users\User\Desktop\AnT\backend\node_modules\typescript\lib\typescript.js:133916:30
    at emitFilesAndReportErrors (C:\Users\User\Desktop\AnT\backend\node_modules\typescript\lib\typescript.js:133737:5)
    at result.afterProgramCreate (C:\Users\User\Desktop\AnT\backend\node_modules\typescript\lib\typescript.js:133912:5) {
  status: 128,
  signal: null,
  output: [
    null,
    Buffer(0) [Uint8Array] [],
    Buffer(38) [Uint8Array] [
       69,  82,  82,  79,  82,  58,  32,  84, 104,
      101,  32, 112, 114, 111,  99, 101, 115, 115,
       32,  34,  56,  51,  48,  56,  34,  32, 110,
      111, 116,  32, 102, 111, 117, 110, 100,  46,
       13,  10
    ]
  ],
  pid: 15836,
  stdout: Buffer(0) [Uint8Array] [],
  stderr: Buffer(38) [Uint8Array] [
     69,  82,  82,  79,  82,  58,  32,  84, 104,
    101,  32, 112, 114, 111,  99, 101, 115, 115,
     32,  34,  56,  51,  48,  56,  34,  32, 110,
    111, 116,  32, 102, 111, 117, 110, 100,  46,
     13,  10
  ]
}

Node.js v24.15.0
